Using pre-set license
Built from '2022.3/staging' branch; Version is '2022.3.15f1 (b58023a2b463) revision 11894819'; Using compiler version '192829333'; Build Type 'Release'
OS: 'Windows 11  (10.0.22631) 64bit Core' Language: 'es' Physical Memory: 7886 MB
BatchMode: 1, IsHumanControllingUs: 0, StartBugReporterOnCrash: 0, Is64bit: 1, IsPro: 1

COMMAND LINE ARGUMENTS:
C:\Program Files\Unity\Hub\Editor\2022.3.15f1\Editor\Unity.exe
-adb2
-batchMode
-noUpm
-name
AssetImportWorker3
-projectPath
C:/Users/Usuario/Desktop/RPG_Game/TouchyRPG
-logFile
Logs/AssetImportWorker3.log
-srvPort
55432
Successfully changed project path to: C:/Users/Usuario/Desktop/RPG_Game/TouchyRPG
C:/Users/Usuario/Desktop/RPG_Game/TouchyRPG
[UnityMemory] Configuration Parameters - Can be set up in boot.config
    "memorysetup-bucket-allocator-granularity=16"
    "memorysetup-bucket-allocator-bucket-count=8"
    "memorysetup-bucket-allocator-block-size=33554432"
    "memorysetup-bucket-allocator-block-count=8"
    "memorysetup-main-allocator-block-size=16777216"
    "memorysetup-thread-allocator-block-size=16777216"
    "memorysetup-gfx-main-allocator-block-size=16777216"
    "memorysetup-gfx-thread-allocator-block-size=16777216"
    "memorysetup-cache-allocator-block-size=4194304"
    "memorysetup-typetree-allocator-block-size=2097152"
    "memorysetup-profiler-bucket-allocator-granularity=16"
    "memorysetup-profiler-bucket-allocator-bucket-count=8"
    "memorysetup-profiler-bucket-allocator-block-size=33554432"
    "memorysetup-profiler-bucket-allocator-block-count=8"
    "memorysetup-profiler-allocator-block-size=16777216"
    "memorysetup-profiler-editor-allocator-block-size=1048576"
    "memorysetup-temp-allocator-size-main=16777216"
    "memorysetup-job-temp-allocator-block-size=2097152"
    "memorysetup-job-temp-allocator-block-size-background=1048576"
    "memorysetup-job-temp-allocator-reduction-small-platforms=262144"
    "memorysetup-allocator-temp-initial-block-size-main=262144"
    "memorysetup-allocator-temp-initial-block-size-worker=262144"
    "memorysetup-temp-allocator-size-background-worker=32768"
    "memorysetup-temp-allocator-size-job-worker=262144"
    "memorysetup-temp-allocator-size-preload-manager=33554432"
    "memorysetup-temp-allocator-size-nav-mesh-worker=65536"
    "memorysetup-temp-allocator-size-audio-worker=65536"
    "memorysetup-temp-allocator-size-cloud-worker=32768"
    "memorysetup-temp-allocator-size-gi-baking-worker=262144"
    "memorysetup-temp-allocator-size-gfx=262144"
Player connection [18500] Host "[IP] 192.168.56.1 [Port] 0 [Flags] 2 [Guid] 1763549000 [EditorId] 1763549000 [Version] 1048832 [Id] WindowsEditor(7,LAPTOP-52TGCLKN) [Debug] 1 [PackageName] WindowsEditor [ProjectName] Editor" joined multi-casting on [225.0.0.222:54997]...

Player connection [18500] Host "[IP] 192.168.56.1 [Port] 0 [Flags] 2 [Guid] 1763549000 [EditorId] 1763549000 [Version] 1048832 [Id] WindowsEditor(7,LAPTOP-52TGCLKN) [Debug] 1 [PackageName] WindowsEditor [ProjectName] Editor" joined alternative multi-casting on [225.0.0.222:34997]...

[Physics::Module] Initialized MultithreadedJobDispatcher with 7 workers.
Refreshing native plugins compatible for Editor in 52.39 ms, found 6 plugins.
Preloading 0 native plugins for Editor in 0.00 ms.
Initialize engine version: 2022.3.15f1 (b58023a2b463)
[Subsystems] Discovering subsystems at path C:/Program Files/Unity/Hub/Editor/2022.3.15f1/Editor/Data/Resources/UnitySubsystems
[Subsystems] Discovering subsystems at path C:/Users/Usuario/Desktop/RPG_Game/TouchyRPG/Assets
GfxDevice: creating device client; threaded=0; jobified=0
Direct3D:
    Version:  Direct3D 11.0 [level 11.1]
    Renderer: Intel(R) Iris(R) Xe Graphics (ID=0x9a49)
    Vendor:   Intel
    VRAM:     3943 MB
    Driver:   31.0.101.4255
Initialize mono
Mono path[0] = 'C:/Program Files/Unity/Hub/Editor/2022.3.15f1/Editor/Data/Managed'
Mono path[1] = 'C:/Program Files/Unity/Hub/Editor/2022.3.15f1/Editor/Data/MonoBleedingEdge/lib/mono/unityjit-win32'
Mono config path = 'C:/Program Files/Unity/Hub/Editor/2022.3.15f1/Editor/Data/MonoBleedingEdge/etc'
Using monoOptions --debugger-agent=transport=dt_socket,embedding=1,server=y,suspend=n,address=127.0.0.1:56880
Begin MonoManager ReloadAssembly
Registering precompiled unity dll's ...
Register platform support module: C:/Program Files/Unity/Hub/Editor/2022.3.15f1/Editor/Data/PlaybackEngines/AndroidPlayer/UnityEditor.Android.Extensions.dll
Register platform support module: C:/Program Files/Unity/Hub/Editor/2022.3.15f1/Editor/Data/PlaybackEngines/WindowsStandaloneSupport/UnityEditor.WindowsStandalone.Extensions.dll
Registered in 0.009702 seconds.
- Loaded All Assemblies, in  0.482 seconds
Native extension for WindowsStandalone target not found
Native extension for Android target not found
Android Extension - Scanning For ADB Devices 522 ms
Mono: successfully reloaded assembly
- Finished resetting the current domain, in  1.154 seconds
Domain Reload Profiling: 1634ms
	BeginReloadAssembly (129ms)
		ExecutionOrderSort (0ms)
		DisableScriptedObjects (0ms)
		BackupInstance (0ms)
		ReleaseScriptingObjects (0ms)
		CreateAndSetChildDomain (1ms)
	RebuildCommonClasses (40ms)
	RebuildNativeTypeToScriptingClass (14ms)
	initialDomainReloadingComplete (72ms)
	LoadAllAssembliesAndSetupDomain (226ms)
		LoadAssemblies (126ms)
		RebuildTransferFunctionScriptingTraits (0ms)
		AnalyzeDomain (223ms)
			TypeCache.Refresh (222ms)
				TypeCache.ScanAssembly (201ms)
			ScanForSourceGeneratedMonoScriptInfo (0ms)
			ResolveRequiredComponents (1ms)
	FinalizeReload (1154ms)
		ReleaseScriptCaches (0ms)
		RebuildScriptCaches (0ms)
		SetupLoadedEditorAssemblies (1055ms)
			LogAssemblyErrors (0ms)
			InitializePlatformSupportModulesInManaged (778ms)
			SetLoadedEditorAssemblies (5ms)
			RefreshPlugins (0ms)
			BeforeProcessingInitializeOnLoad (3ms)
			ProcessInitializeOnLoadAttributes (194ms)
			ProcessInitializeOnLoadMethodAttributes (75ms)
			AfterProcessingInitializeOnLoad (0ms)
			EditorAssembliesLoaded (0ms)
		ExecutionOrderSort2 (0ms)
		AwakeInstancesAfterBackupRestoration (0ms)
========================================================================
Worker process is ready to serve import requests
Begin MonoManager ReloadAssembly
- Loaded All Assemblies, in  1.020 seconds
Refreshing native plugins compatible for Editor in 22.67 ms, found 6 plugins.
Native extension for WindowsStandalone target not found
Native extension for Android target not found
Package Manager log level set to [2]
[Package Manager] Server::EnsureServerProcessIsRunning -- launch failed, reason: Unity was launched with the -noUpm command-line argument
[Package Manager] UpmClient::Send -- Unable to send message (not connected to UPM process).
[Package Manager] Cannot connect to Unity Package Manager local server
Mono: successfully reloaded assembly
- Finished resetting the current domain, in  1.278 seconds
Domain Reload Profiling: 2292ms
	BeginReloadAssembly (203ms)
		ExecutionOrderSort (0ms)
		DisableScriptedObjects (7ms)
		BackupInstance (0ms)
		ReleaseScriptingObjects (0ms)
		CreateAndSetChildDomain (30ms)
	RebuildCommonClasses (51ms)
	RebuildNativeTypeToScriptingClass (17ms)
	initialDomainReloadingComplete (62ms)
	LoadAllAssembliesAndSetupDomain (680ms)
		LoadAssemblies (434ms)
		RebuildTransferFunctionScriptingTraits (0ms)
		AnalyzeDomain (355ms)
			TypeCache.Refresh (303ms)
				TypeCache.ScanAssembly (273ms)
			ScanForSourceGeneratedMonoScriptInfo (42ms)
			ResolveRequiredComponents (8ms)
	FinalizeReload (1279ms)
		ReleaseScriptCaches (0ms)
		RebuildScriptCaches (0ms)
		SetupLoadedEditorAssemblies (905ms)
			LogAssemblyErrors (0ms)
			InitializePlatformSupportModulesInManaged (37ms)
			SetLoadedEditorAssemblies (9ms)
			RefreshPlugins (0ms)
			BeforeProcessingInitializeOnLoad (119ms)
			ProcessInitializeOnLoadAttributes (675ms)
			ProcessInitializeOnLoadMethodAttributes (56ms)
			AfterProcessingInitializeOnLoad (9ms)
			EditorAssembliesLoaded (0ms)
		ExecutionOrderSort2 (0ms)
		AwakeInstancesAfterBackupRestoration (7ms)
Launched and connected shader compiler UnityShaderCompiler.exe after 0.08 seconds
Refreshing native plugins compatible for Editor in 23.82 ms, found 6 plugins.
Preloading 0 native plugins for Editor in 0.00 ms.
Unloading 5099 Unused Serialized files (Serialized files now loaded: 0)
Unloading 144 unused Assets / (177.5 KB). Loaded Objects now: 5504.
Memory consumption went from 175.6 MB to 175.4 MB.
Total: 8.430700 ms (FindLiveObjects: 0.795400 ms CreateObjectMapping: 0.459300 ms MarkObjects: 6.564900 ms  DeleteObjects: 0.606800 ms)

AssetImportParameters requested are different than current active one (requested -> active):
  custom:container-demuxer-ogg: 62fdf1f143b41e24485cea50d1cbac27 -> 
  custom:video-decoder-ogg-theora: a1e56fd34408186e4bbccfd4996cb3dc -> 
  custom:framework-win-MediaFoundation: 216162199b28c13a410421893ffa2e32 -> 
  custom:CustomObjectIndexerAttribute: 43b350a4d6e6d1791af0b5038c4bea17 -> 
  custom:container-demuxer-webm: 4f35f7cbe854078d1ac9338744f61a02 -> 
  custom:container-muxer-webm: aa71ff27fc2769a1b78a27578f13a17b -> 
  custom:video-decoder-webm-vp8: 9c59270c3fd7afecdb556c50c9e8de78 -> 
  custom:SearchIndexIgnoredProperties: e643bd26f0fe6173181afceb89e7c659 -> 
  custom:AudioImporter_EditorPlatform: d09bf68614088b80899f8185d706f6e7 -> 
  custom:video-encoder-webm-vp8: eb34c28f22e8b96e1ab97ce403110664 -> 
  custom:audio-decoder-ogg-vorbis: bf7c407c2cedff20999df2af8eb42d56 -> 
  custom:audio-encoder-webm-vorbis: bf7c407c2cedff20999df2af8eb42d56 -> 
========================================================================
Received Import Request.
  Time since last request: 1481851.055462 seconds.
  path: Assets/art/Sprites/Environment/tiles/generic-rpg-tile70.png
  artifactKey: Guid(11163d5e576fe4290aaeae9a4ade9d6a) Importer(815301076,1909f56bfc062723c751e8b465ee728b)
Start importing Assets/art/Sprites/Environment/tiles/generic-rpg-tile70.png using Guid(11163d5e576fe4290aaeae9a4ade9d6a) Importer(815301076,1909f56bfc062723c751e8b465ee728b)  -> (artifact id: '0ef9ab2e95f8b8361c364374d25cfc36') in 0.323146 seconds
Number of updated asset objects reloaded before import = 0
Number of asset objects unloaded after import = 3
========================================================================
Received Import Request.
  Time since last request: 0.000070 seconds.
  path: Assets/art/Sprites/Environment/props n decorations/generic-rpg-treasure-closed.png
  artifactKey: Guid(498caa3db4db045bbaa0f1f9f5e17703) Importer(815301076,1909f56bfc062723c751e8b465ee728b)
Start importing Assets/art/Sprites/Environment/props n decorations/generic-rpg-treasure-closed.png using Guid(498caa3db4db045bbaa0f1f9f5e17703) Importer(815301076,1909f56bfc062723c751e8b465ee728b)  -> (artifact id: 'de0cb497f463331df384b4821102b2bf') in 0.076957 seconds
Number of updated asset objects reloaded before import = 0
Number of asset objects unloaded after import = 3
========================================================================
Received Import Request.
  Time since last request: 1.391653 seconds.
  path: Assets/art/Sprites/UI/PNG/panel_beigeLight.png
  artifactKey: Guid(2b7c28d8b0b240c45ad187dd4d8b3a25) Importer(815301076,1909f56bfc062723c751e8b465ee728b)
Start importing Assets/art/Sprites/UI/PNG/panel_beigeLight.png using Guid(2b7c28d8b0b240c45ad187dd4d8b3a25) Importer(815301076,1909f56bfc062723c751e8b465ee728b)  -> (artifact id: 'd4c9e3d9efe56a36ffbbefcefa826137') in 0.053937 seconds
Number of updated asset objects reloaded before import = 0
Number of asset objects unloaded after import = 3
========================================================================
Received Import Request.
  Time since last request: 0.000035 seconds.
  path: Assets/art/Sprites/UI/uipack-rpg/PNG/panel_brown.png
  artifactKey: Guid(f19b44547ff66450c9c6547a2408a787) Importer(815301076,1909f56bfc062723c751e8b465ee728b)
Start importing Assets/art/Sprites/UI/uipack-rpg/PNG/panel_brown.png using Guid(f19b44547ff66450c9c6547a2408a787) Importer(815301076,1909f56bfc062723c751e8b465ee728b)  -> (artifact id: '122730e282c53d4567bd407f883ae824') in 0.057246 seconds
Number of updated asset objects reloaded before import = 0
Number of asset objects unloaded after import = 3
========================================================================
Received Import Request.
  Time since last request: 0.000061 seconds.
  path: Assets/art/Sprites/UI/PNG/panelInset_blue.png
  artifactKey: Guid(1be99a331b3da4149a35a3317c139be5) Importer(815301076,1909f56bfc062723c751e8b465ee728b)
Start importing Assets/art/Sprites/UI/PNG/panelInset_blue.png using Guid(1be99a331b3da4149a35a3317c139be5) Importer(815301076,1909f56bfc062723c751e8b465ee728b)  -> (artifact id: 'f4626fa8b32421b699a29e802f79aae0') in 0.081502 seconds
Number of updated asset objects reloaded before import = 0
Number of asset objects unloaded after import = 3
========================================================================
Received Import Request.
  Time since last request: 0.000071 seconds.
  path: Assets/art/Sprites/UI/PNG/panel_brown.png
  artifactKey: Guid(93168e83d623def48a30b2c90c9cc824) Importer(815301076,1909f56bfc062723c751e8b465ee728b)
Start importing Assets/art/Sprites/UI/PNG/panel_brown.png using Guid(93168e83d623def48a30b2c90c9cc824) Importer(815301076,1909f56bfc062723c751e8b465ee728b)  -> (artifact id: '18121cb75f6db4d4c6704b103a4056d0') in 0.059336 seconds
Number of updated asset objects reloaded before import = 0
Number of asset objects unloaded after import = 3
========================================================================
Received Import Request.
  Time since last request: 0.000036 seconds.
  path: Assets/art/Sprites/UI/PNG/panelInset_brown.png
  artifactKey: Guid(452e931b6367ca04f88a3d656734ca86) Importer(815301076,1909f56bfc062723c751e8b465ee728b)
Start importing Assets/art/Sprites/UI/PNG/panelInset_brown.png using Guid(452e931b6367ca04f88a3d656734ca86) Importer(815301076,1909f56bfc062723c751e8b465ee728b)  -> (artifact id: 'c09c6844a9587090158d7202754717a6') in 0.093271 seconds
Number of updated asset objects reloaded before import = 0
Number of asset objects unloaded after import = 3
========================================================================
Received Import Request.
  Time since last request: 44.417191 seconds.
  path: Assets/art/Sprites/UI/PNG/arrowBeige_right.png
  artifactKey: Guid(c8340b6cb235cdf42a64720977ae0bbd) Importer(815301076,1909f56bfc062723c751e8b465ee728b)
Start importing Assets/art/Sprites/UI/PNG/arrowBeige_right.png using Guid(c8340b6cb235cdf42a64720977ae0bbd) Importer(815301076,1909f56bfc062723c751e8b465ee728b)  -> (artifact id: 'a888165b41ed632f96fa5a63a9213f4c') in 0.059477 seconds
Number of updated asset objects reloaded before import = 0
Number of asset objects unloaded after import = 3
========================================================================
Received Import Request.
  Time since last request: 0.000036 seconds.
  path: Assets/art/Sprites/UI/PNG/arrowSilver_left.png
  artifactKey: Guid(522ce055406f1d5489a452a3d954d972) Importer(815301076,1909f56bfc062723c751e8b465ee728b)
Start importing Assets/art/Sprites/UI/PNG/arrowSilver_left.png using Guid(522ce055406f1d5489a452a3d954d972) Importer(815301076,1909f56bfc062723c751e8b465ee728b)  -> (artifact id: 'fbba2d6375f86ade2fc457c3ceb14e6f') in 0.053869 seconds
Number of updated asset objects reloaded before import = 0
Number of asset objects unloaded after import = 3
========================================================================
Received Import Request.
  Time since last request: 0.000038 seconds.
  path: Assets/art/Sprites/Environment/atlas/atlas.png
  artifactKey: Guid(ae2e59adf58c94839a4a49d1a41c5920) Importer(815301076,1909f56bfc062723c751e8b465ee728b)
Start importing Assets/art/Sprites/Environment/atlas/atlas.png using Guid(ae2e59adf58c94839a4a49d1a41c5920) Importer(815301076,1909f56bfc062723c751e8b465ee728b)  -> (artifact id: '0367ccf487eb33b3cb9d963f2259dcfc') in 0.844646 seconds
Number of updated asset objects reloaded before import = 0
Number of asset objects unloaded after import = 103
========================================================================
Received Prepare
Begin MonoManager ReloadAssembly
- Loaded All Assemblies, in  0.922 seconds
Refreshing native plugins compatible for Editor in 31.14 ms, found 6 plugins.
Native extension for WindowsStandalone target not found
Native extension for Android target not found
[Package Manager] Server::EnsureServerProcessIsRunning -- launch failed, reason: Unity was launched with the -noUpm command-line argument
[Package Manager] UpmClient::Send -- Unable to send message (not connected to UPM process).
[Package Manager] Cannot connect to Unity Package Manager local server
Mono: successfully reloaded assembly
- Finished resetting the current domain, in  2.947 seconds
Domain Reload Profiling: 3861ms
	BeginReloadAssembly (287ms)
		ExecutionOrderSort (0ms)
		DisableScriptedObjects (23ms)
		BackupInstance (0ms)
		ReleaseScriptingObjects (0ms)
		CreateAndSetChildDomain (62ms)
	RebuildCommonClasses (51ms)
	RebuildNativeTypeToScriptingClass (18ms)
	initialDomainReloadingComplete (49ms)
	LoadAllAssembliesAndSetupDomain (508ms)
		LoadAssemblies (628ms)
		RebuildTransferFunctionScriptingTraits (0ms)
		AnalyzeDomain (34ms)
			TypeCache.Refresh (14ms)
				TypeCache.ScanAssembly (0ms)
			ScanForSourceGeneratedMonoScriptInfo (0ms)
			ResolveRequiredComponents (18ms)
	FinalizeReload (2948ms)
		ReleaseScriptCaches (0ms)
		RebuildScriptCaches (0ms)
		SetupLoadedEditorAssemblies (954ms)
			LogAssemblyErrors (0ms)
			InitializePlatformSupportModulesInManaged (73ms)
			SetLoadedEditorAssemblies (12ms)
			RefreshPlugins (0ms)
			BeforeProcessingInitializeOnLoad (183ms)
			ProcessInitializeOnLoadAttributes (617ms)
			ProcessInitializeOnLoadMethodAttributes (57ms)
			AfterProcessingInitializeOnLoad (12ms)
			EditorAssembliesLoaded (1ms)
		ExecutionOrderSort2 (0ms)
		AwakeInstancesAfterBackupRestoration (19ms)
Refreshing native plugins compatible for Editor in 20.13 ms, found 6 plugins.
Preloading 0 native plugins for Editor in 0.00 ms.
Unloading 5072 Unused Serialized files (Serialized files now loaded: 0)
Unloading 98 unused Assets / (148.5 KB). Loaded Objects now: 5632.
Memory consumption went from 170.6 MB to 170.4 MB.
Total: 6.288600 ms (FindLiveObjects: 0.515800 ms CreateObjectMapping: 0.262800 ms MarkObjects: 5.325000 ms  DeleteObjects: 0.183300 ms)

Prepare: number of updated asset objects reloaded= 0
AssetImportParameters requested are different than current active one (requested -> active):
  custom:container-demuxer-ogg: 62fdf1f143b41e24485cea50d1cbac27 -> 
  custom:video-decoder-ogg-theora: a1e56fd34408186e4bbccfd4996cb3dc -> 
  custom:framework-win-MediaFoundation: 216162199b28c13a410421893ffa2e32 -> 
  custom:CustomObjectIndexerAttribute: 43b350a4d6e6d1791af0b5038c4bea17 -> 
  custom:container-demuxer-webm: 4f35f7cbe854078d1ac9338744f61a02 -> 
  custom:container-muxer-webm: aa71ff27fc2769a1b78a27578f13a17b -> 
  custom:video-decoder-webm-vp8: 9c59270c3fd7afecdb556c50c9e8de78 -> 
  custom:SearchIndexIgnoredProperties: e643bd26f0fe6173181afceb89e7c659 -> 
  custom:AudioImporter_EditorPlatform: d09bf68614088b80899f8185d706f6e7 -> 
  custom:video-encoder-webm-vp8: eb34c28f22e8b96e1ab97ce403110664 -> 
  custom:audio-decoder-ogg-vorbis: bf7c407c2cedff20999df2af8eb42d56 -> 
  custom:audio-encoder-webm-vorbis: bf7c407c2cedff20999df2af8eb42d56 -> 
========================================================================
Received Prepare
Begin MonoManager ReloadAssembly
- Loaded All Assemblies, in  0.946 seconds
Refreshing native plugins compatible for Editor in 31.35 ms, found 6 plugins.
Native extension for WindowsStandalone target not found
Native extension for Android target not found
[Package Manager] Server::EnsureServerProcessIsRunning -- launch failed, reason: Unity was launched with the -noUpm command-line argument
[Package Manager] UpmClient::Send -- Unable to send message (not connected to UPM process).
[Package Manager] Cannot connect to Unity Package Manager local server
Mono: successfully reloaded assembly
- Finished resetting the current domain, in  3.451 seconds
Domain Reload Profiling: 4391ms
	BeginReloadAssembly (285ms)
		ExecutionOrderSort (0ms)
		DisableScriptedObjects (17ms)
		BackupInstance (0ms)
		ReleaseScriptingObjects (0ms)
		CreateAndSetChildDomain (74ms)
	RebuildCommonClasses (80ms)
	RebuildNativeTypeToScriptingClass (30ms)
	initialDomainReloadingComplete (65ms)
	LoadAllAssembliesAndSetupDomain (480ms)
		LoadAssemblies (600ms)
		RebuildTransferFunctionScriptingTraits (0ms)
		AnalyzeDomain (26ms)
			TypeCache.Refresh (9ms)
				TypeCache.ScanAssembly (0ms)
			ScanForSourceGeneratedMonoScriptInfo (0ms)
			ResolveRequiredComponents (14ms)
	FinalizeReload (3452ms)
		ReleaseScriptCaches (0ms)
		RebuildScriptCaches (0ms)
		SetupLoadedEditorAssemblies (1442ms)
			LogAssemblyErrors (0ms)
			InitializePlatformSupportModulesInManaged (71ms)
			SetLoadedEditorAssemblies (13ms)
			RefreshPlugins (0ms)
			BeforeProcessingInitializeOnLoad (237ms)
			ProcessInitializeOnLoadAttributes (996ms)
			ProcessInitializeOnLoadMethodAttributes (106ms)
			AfterProcessingInitializeOnLoad (18ms)
			EditorAssembliesLoaded (1ms)
		ExecutionOrderSort2 (0ms)
		AwakeInstancesAfterBackupRestoration (39ms)
Refreshing native plugins compatible for Editor in 43.31 ms, found 6 plugins.
Preloading 0 native plugins for Editor in 0.00 ms.
Unloading 5073 Unused Serialized files (Serialized files now loaded: 0)
Unloading 98 unused Assets / (148.6 KB). Loaded Objects now: 5648.
Memory consumption went from 172.8 MB to 172.6 MB.
Total: 9.055600 ms (FindLiveObjects: 1.140800 ms CreateObjectMapping: 0.656900 ms MarkObjects: 6.885000 ms  DeleteObjects: 0.370700 ms)

Prepare: number of updated asset objects reloaded= 0
AssetImportParameters requested are different than current active one (requested -> active):
  custom:container-demuxer-ogg: 62fdf1f143b41e24485cea50d1cbac27 -> 
  custom:video-decoder-ogg-theora: a1e56fd34408186e4bbccfd4996cb3dc -> 
  custom:framework-win-MediaFoundation: 216162199b28c13a410421893ffa2e32 -> 
  custom:CustomObjectIndexerAttribute: 43b350a4d6e6d1791af0b5038c4bea17 -> 
  custom:container-demuxer-webm: 4f35f7cbe854078d1ac9338744f61a02 -> 
  custom:container-muxer-webm: aa71ff27fc2769a1b78a27578f13a17b -> 
  custom:video-decoder-webm-vp8: 9c59270c3fd7afecdb556c50c9e8de78 -> 
  custom:SearchIndexIgnoredProperties: e643bd26f0fe6173181afceb89e7c659 -> 
  custom:AudioImporter_EditorPlatform: d09bf68614088b80899f8185d706f6e7 -> 
  custom:video-encoder-webm-vp8: eb34c28f22e8b96e1ab97ce403110664 -> 
  custom:audio-decoder-ogg-vorbis: bf7c407c2cedff20999df2af8eb42d56 -> 
  custom:audio-encoder-webm-vorbis: bf7c407c2cedff20999df2af8eb42d56 -> 
========================================================================
Received Prepare
Begin MonoManager ReloadAssembly
- Loaded All Assemblies, in  1.033 seconds
Refreshing native plugins compatible for Editor in 25.04 ms, found 6 plugins.
Native extension for WindowsStandalone target not found
Native extension for Android target not found
[Package Manager] Server::EnsureServerProcessIsRunning -- launch failed, reason: Unity was launched with the -noUpm command-line argument
[Package Manager] UpmClient::Send -- Unable to send message (not connected to UPM process).
[Package Manager] Cannot connect to Unity Package Manager local server
Mono: successfully reloaded assembly
- Finished resetting the current domain, in  3.658 seconds
Domain Reload Profiling: 4684ms
	BeginReloadAssembly (293ms)
		ExecutionOrderSort (0ms)
		DisableScriptedObjects (21ms)
		BackupInstance (0ms)
		ReleaseScriptingObjects (0ms)
		CreateAndSetChildDomain (61ms)
	RebuildCommonClasses (111ms)
	RebuildNativeTypeToScriptingClass (30ms)
	initialDomainReloadingComplete (63ms)
	LoadAllAssembliesAndSetupDomain (528ms)
		LoadAssemblies (662ms)
		RebuildTransferFunctionScriptingTraits (0ms)
		AnalyzeDomain (33ms)
			TypeCache.Refresh (13ms)
				TypeCache.ScanAssembly (0ms)
			ScanForSourceGeneratedMonoScriptInfo (0ms)
			ResolveRequiredComponents (18ms)
	FinalizeReload (3659ms)
		ReleaseScriptCaches (0ms)
		RebuildScriptCaches (0ms)
		SetupLoadedEditorAssemblies (1484ms)
			LogAssemblyErrors (0ms)
			InitializePlatformSupportModulesInManaged (75ms)
			SetLoadedEditorAssemblies (17ms)
			RefreshPlugins (0ms)
			BeforeProcessingInitializeOnLoad (256ms)
			ProcessInitializeOnLoadAttributes (1035ms)
			ProcessInitializeOnLoadMethodAttributes (83ms)
			AfterProcessingInitializeOnLoad (17ms)
			EditorAssembliesLoaded (1ms)
		ExecutionOrderSort2 (0ms)
		AwakeInstancesAfterBackupRestoration (38ms)
Refreshing native plugins compatible for Editor in 45.04 ms, found 6 plugins.
Preloading 0 native plugins for Editor in 0.00 ms.
Unloading 5073 Unused Serialized files (Serialized files now loaded: 0)
Unloading 98 unused Assets / (148.6 KB). Loaded Objects now: 5664.
Memory consumption went from 174.7 MB to 174.6 MB.
Total: 10.094500 ms (FindLiveObjects: 1.300600 ms CreateObjectMapping: 0.871100 ms MarkObjects: 7.732500 ms  DeleteObjects: 0.187100 ms)

Prepare: number of updated asset objects reloaded= 0
AssetImportParameters requested are different than current active one (requested -> active):
  custom:container-demuxer-ogg: 62fdf1f143b41e24485cea50d1cbac27 -> 
  custom:video-decoder-ogg-theora: a1e56fd34408186e4bbccfd4996cb3dc -> 
  custom:framework-win-MediaFoundation: 216162199b28c13a410421893ffa2e32 -> 
  custom:CustomObjectIndexerAttribute: 43b350a4d6e6d1791af0b5038c4bea17 -> 
  custom:container-demuxer-webm: 4f35f7cbe854078d1ac9338744f61a02 -> 
  custom:container-muxer-webm: aa71ff27fc2769a1b78a27578f13a17b -> 
  custom:video-decoder-webm-vp8: 9c59270c3fd7afecdb556c50c9e8de78 -> 
  custom:SearchIndexIgnoredProperties: e643bd26f0fe6173181afceb89e7c659 -> 
  custom:AudioImporter_EditorPlatform: d09bf68614088b80899f8185d706f6e7 -> 
  custom:video-encoder-webm-vp8: eb34c28f22e8b96e1ab97ce403110664 -> 
  custom:audio-decoder-ogg-vorbis: bf7c407c2cedff20999df2af8eb42d56 -> 
  custom:audio-encoder-webm-vorbis: bf7c407c2cedff20999df2af8eb42d56 -> 
========================================================================
Received Import Request.
  Time since last request: 514.453358 seconds.
  path: Assets/Fonts/Fonts/Kenney High Square SDF.asset
  artifactKey: Guid(83f8c38b14bb49444b85d9f3685006ca) Importer(815301076,1909f56bfc062723c751e8b465ee728b)
Start importing Assets/Fonts/Fonts/Kenney High Square SDF.asset using Guid(83f8c38b14bb49444b85d9f3685006ca) Importer(815301076,1909f56bfc062723c751e8b465ee728b)  -> (artifact id: '958f18d19333dafb085dc43c617ce580') in 0.402110 seconds
Number of updated asset objects reloaded before import = 0
Number of asset objects unloaded after import = 6
========================================================================
Received Import Request.
  Time since last request: 0.000055 seconds.
  path: Assets/Fonts/Fonts/Kenney Mini Square SDF.asset
  artifactKey: Guid(55b755f1b6abd3b4f8350643c8bb5ea6) Importer(815301076,1909f56bfc062723c751e8b465ee728b)
Start importing Assets/Fonts/Fonts/Kenney Mini Square SDF.asset using Guid(55b755f1b6abd3b4f8350643c8bb5ea6) Importer(815301076,1909f56bfc062723c751e8b465ee728b)  -> (artifact id: 'd33d85e0fe58f927ecfe8c35e0043d87') in 0.084906 seconds
Number of updated asset objects reloaded before import = 0
Number of asset objects unloaded after import = 6
========================================================================
Received Import Request.
  Time since last request: 0.000060 seconds.
  path: Assets/Fonts/Fonts/Kenney Rocket SDF.asset
  artifactKey: Guid(36bd069acc35c484c9e21af00907d8bb) Importer(815301076,1909f56bfc062723c751e8b465ee728b)
Start importing Assets/Fonts/Fonts/Kenney Rocket SDF.asset using Guid(36bd069acc35c484c9e21af00907d8bb) Importer(815301076,1909f56bfc062723c751e8b465ee728b)  -> (artifact id: '3482f31d5c644d0a7ad5e66848210e23') in 0.136454 seconds
Number of updated asset objects reloaded before import = 0
Number of asset objects unloaded after import = 6
========================================================================
Received Import Request.
  Time since last request: 0.000038 seconds.
  path: Assets/Fonts/Fonts/Kenney Pixel Square SDF.asset
  artifactKey: Guid(6d9fcd55a5c91bb40b278bdc61bffa6a) Importer(815301076,1909f56bfc062723c751e8b465ee728b)
Start importing Assets/Fonts/Fonts/Kenney Pixel Square SDF.asset using Guid(6d9fcd55a5c91bb40b278bdc61bffa6a) Importer(815301076,1909f56bfc062723c751e8b465ee728b)  -> (artifact id: '145ff41428dbbe160169f2af26b3649f') in 0.109449 seconds
Number of updated asset objects reloaded before import = 0
Number of asset objects unloaded after import = 6
========================================================================
Received Import Request.
  Time since last request: 0.000041 seconds.
  path: Assets/Fonts/Fonts/Kenney Mini SDF.asset
  artifactKey: Guid(f7e313036e8f51443a0b5f160aa8ef7f) Importer(815301076,1909f56bfc062723c751e8b465ee728b)
Start importing Assets/Fonts/Fonts/Kenney Mini SDF.asset using Guid(f7e313036e8f51443a0b5f160aa8ef7f) Importer(815301076,1909f56bfc062723c751e8b465ee728b)  -> (artifact id: '04303809ad965e8a3d0bdf1aac1b9a12') in 0.101757 seconds
Number of updated asset objects reloaded before import = 0
Number of asset objects unloaded after import = 6
========================================================================
Received Import Request.
  Time since last request: 0.000060 seconds.
  path: Assets/Fonts/Fonts/Kenney Rocket Square SDF.asset
  artifactKey: Guid(30f8b183cb3aac346aefaf0a36be88dc) Importer(815301076,1909f56bfc062723c751e8b465ee728b)
Start importing Assets/Fonts/Fonts/Kenney Rocket Square SDF.asset using Guid(30f8b183cb3aac346aefaf0a36be88dc) Importer(815301076,1909f56bfc062723c751e8b465ee728b)  -> (artifact id: '1b927d2a0dc0db3a2efdfe73c0af07b1') in 0.061781 seconds
Number of updated asset objects reloaded before import = 0
Number of asset objects unloaded after import = 6
========================================================================
Received Import Request.
  Time since last request: 0.000046 seconds.
  path: Assets/TextMesh Pro/Resources/Fonts & Materials/LiberationSans SDF.asset
  artifactKey: Guid(8f586378b4e144a9851e7b34d9b748ee) Importer(815301076,1909f56bfc062723c751e8b465ee728b)
Start importing Assets/TextMesh Pro/Resources/Fonts & Materials/LiberationSans SDF.asset using Guid(8f586378b4e144a9851e7b34d9b748ee) Importer(815301076,1909f56bfc062723c751e8b465ee728b)  -> (artifact id: '7fa1e99b02586f56f354c5f840a91ec3') in 0.184046 seconds
Number of updated asset objects reloaded before import = 0
Number of asset objects unloaded after import = 9
========================================================================
Received Import Request.
  Time since last request: 0.000065 seconds.
  path: Assets/TextMesh Pro/Examples & Extras/Resources/Fonts & Materials/Oswald Bold SDF.asset
  artifactKey: Guid(0161d805a3764c089bef00bfe00793f5) Importer(815301076,1909f56bfc062723c751e8b465ee728b)
Start importing Assets/TextMesh Pro/Examples & Extras/Resources/Fonts & Materials/Oswald Bold SDF.asset using Guid(0161d805a3764c089bef00bfe00793f5) Importer(815301076,1909f56bfc062723c751e8b465ee728b)  -> (artifact id: '4162fc8c8052b7ec44be14bb7f462755') in 0.113649 seconds
Number of updated asset objects reloaded before import = 0
Number of asset objects unloaded after import = 6
========================================================================
Received Import Request.
  Time since last request: 0.000074 seconds.
  path: Assets/TextMesh Pro/Examples & Extras/Resources/Fonts & Materials/Electronic Highway Sign SDF.asset
  artifactKey: Guid(dc36b3fdc14f47ebb36fd484a67e268a) Importer(815301076,1909f56bfc062723c751e8b465ee728b)
Start importing Assets/TextMesh Pro/Examples & Extras/Resources/Fonts & Materials/Electronic Highway Sign SDF.asset using Guid(dc36b3fdc14f47ebb36fd484a67e268a) Importer(815301076,1909f56bfc062723c751e8b465ee728b)  -> (artifact id: 'b0ab2a363c60fd9a38e5263f9e43783e') in 0.124291 seconds
Number of updated asset objects reloaded before import = 0
Number of asset objects unloaded after import = 6
========================================================================
Received Import Request.
  Time since last request: 0.000030 seconds.
  path: Assets/Fonts/Fonts/Kenney Pixel SDF.asset
  artifactKey: Guid(03082b9858f016343b3f0dbd0e6f68b4) Importer(815301076,1909f56bfc062723c751e8b465ee728b)
Start importing Assets/Fonts/Fonts/Kenney Pixel SDF.asset using Guid(03082b9858f016343b3f0dbd0e6f68b4) Importer(815301076,1909f56bfc062723c751e8b465ee728b)  -> (artifact id: '214fe5cce26e12c01ef448dfa3079c6f') in 0.086643 seconds
Number of updated asset objects reloaded before import = 0
Number of asset objects unloaded after import = 6
========================================================================
Received Import Request.
  Time since last request: 0.519245 seconds.
  path: Assets/TextMesh Pro/Examples & Extras/Resources/Fonts & Materials/Bangers SDF.asset
  artifactKey: Guid(125cb55b44b24c4393181402bc6200e6) Importer(815301076,1909f56bfc062723c751e8b465ee728b)
Start importing Assets/TextMesh Pro/Examples & Extras/Resources/Fonts & Materials/Bangers SDF.asset using Guid(125cb55b44b24c4393181402bc6200e6) Importer(815301076,1909f56bfc062723c751e8b465ee728b)  -> (artifact id: '74e08e39697aa871831b86a28d0939d5') in 0.088656 seconds
Number of updated asset objects reloaded before import = 0
Number of asset objects unloaded after import = 6
========================================================================
Received Import Request.
  Time since last request: 0.000043 seconds.
  path: Assets/Fonts/Fonts/Kenney Blocks SDF.asset
  artifactKey: Guid(e9045da13980f074390416be5087604d) Importer(815301076,1909f56bfc062723c751e8b465ee728b)
Start importing Assets/Fonts/Fonts/Kenney Blocks SDF.asset using Guid(e9045da13980f074390416be5087604d) Importer(815301076,1909f56bfc062723c751e8b465ee728b)  -> (artifact id: '70081de3624fa10de936c50b48705829') in 0.065146 seconds
Number of updated asset objects reloaded before import = 0
Number of asset objects unloaded after import = 6
========================================================================
Received Import Request.
  Time since last request: 85.270163 seconds.
  path: Assets/art/Sprites/UI/CombatUI/MonedaP.png
  artifactKey: Guid(59e68a444834fdc409517a91c4277d57) Importer(815301076,1909f56bfc062723c751e8b465ee728b)
Start importing Assets/art/Sprites/UI/CombatUI/MonedaP.png using Guid(59e68a444834fdc409517a91c4277d57) Importer(815301076,1909f56bfc062723c751e8b465ee728b)  -> (artifact id: 'f9d7d9c253d9a75c2093f3b949073db0') in 0.096127 seconds
Number of updated asset objects reloaded before import = 0
Number of asset objects unloaded after import = 3
========================================================================
Received Import Request.
  Time since last request: 0.000078 seconds.
  path: Assets/art/Sprites/UI/transparentLight/transparentLight01.png
  artifactKey: Guid(474a29fc31bd82740a0b99fdd14df8b1) Importer(815301076,1909f56bfc062723c751e8b465ee728b)
Start importing Assets/art/Sprites/UI/transparentLight/transparentLight01.png using Guid(474a29fc31bd82740a0b99fdd14df8b1) Importer(815301076,1909f56bfc062723c751e8b465ee728b)  -> (artifact id: 'd66958a46db4c9d235f950408f4eb704') in 0.084460 seconds
Number of updated asset objects reloaded before import = 0
Number of asset objects unloaded after import = 3
========================================================================
Received Import Request.
  Time since last request: 0.003323 seconds.
  path: Assets/art/Sprites/Characters/mobs/slime-green.png
  artifactKey: Guid(5b40c138125ef47d19a94f7b6720a548) Importer(815301076,1909f56bfc062723c751e8b465ee728b)
Start importing Assets/art/Sprites/Characters/mobs/slime-green.png using Guid(5b40c138125ef47d19a94f7b6720a548) Importer(815301076,1909f56bfc062723c751e8b465ee728b)  -> (artifact id: '1f593627397ce0e902e74123e5a47927') in 0.059194 seconds
Number of updated asset objects reloaded before import = 0
Number of asset objects unloaded after import = 3
========================================================================
Received Import Request.
  Time since last request: 0.000060 seconds.
  path: Assets/art/Sprites/UI/CombatUI/spr_coin_roj.png
  artifactKey: Guid(763fc6509bcba43408ba302c13be370e) Importer(815301076,1909f56bfc062723c751e8b465ee728b)
Start importing Assets/art/Sprites/UI/CombatUI/spr_coin_roj.png using Guid(763fc6509bcba43408ba302c13be370e) Importer(815301076,1909f56bfc062723c751e8b465ee728b)  -> (artifact id: 'd01bad954d9048bb6368766427099179') in 0.100425 seconds
Number of updated asset objects reloaded before import = 0
Number of asset objects unloaded after import = 3
========================================================================
Received Import Request.
  Time since last request: 0.000052 seconds.
  path: Assets/art/Sprites/UI/CombatUI/spr_coin_gri.png
  artifactKey: Guid(ff31c21af31bb6f4193ccd03438d53ac) Importer(815301076,1909f56bfc062723c751e8b465ee728b)
Start importing Assets/art/Sprites/UI/CombatUI/spr_coin_gri.png using Guid(ff31c21af31bb6f4193ccd03438d53ac) Importer(815301076,1909f56bfc062723c751e8b465ee728b)  -> (artifact id: '5beef592e21add88b229cbeaba504736') in 0.092895 seconds
Number of updated asset objects reloaded before import = 0
Number of asset objects unloaded after import = 3
========================================================================
Received Import Request.
  Time since last request: 0.000039 seconds.
  path: Assets/art/Sprites/UI/CombatUI/spr_coin_ama.png
  artifactKey: Guid(4e34261c98b9e8d46b72f4de4e0277d3) Importer(815301076,1909f56bfc062723c751e8b465ee728b)
Start importing Assets/art/Sprites/UI/CombatUI/spr_coin_ama.png using Guid(4e34261c98b9e8d46b72f4de4e0277d3) Importer(815301076,1909f56bfc062723c751e8b465ee728b)  -> (artifact id: 'b999534fb7cd372e1a6887cbe938f863') in 0.053139 seconds
Number of updated asset objects reloaded before import = 0
Number of asset objects unloaded after import = 3
========================================================================
Received Import Request.
  Time since last request: 0.003927 seconds.
  path: Assets/art/Sprites/UI/transparentLight/transparentLight03.png
  artifactKey: Guid(030a5f46fad0bdd4f9bc4042a1c7ac72) Importer(815301076,1909f56bfc062723c751e8b465ee728b)
Start importing Assets/art/Sprites/UI/transparentLight/transparentLight03.png using Guid(030a5f46fad0bdd4f9bc4042a1c7ac72) Importer(815301076,1909f56bfc062723c751e8b465ee728b)  -> (artifact id: '81f87e2970dc0a57e66b6472c95e322c') in 0.099911 seconds
Number of updated asset objects reloaded before import = 0
Number of asset objects unloaded after import = 3
========================================================================
Received Import Request.
  Time since last request: 0.001080 seconds.
  path: Assets/art/Sprites/Characters/chars/sensei/sensei_imodified.png
  artifactKey: Guid(a51014e4472734f598953550bcaf56ab) Importer(815301076,1909f56bfc062723c751e8b465ee728b)
Start importing Assets/art/Sprites/Characters/chars/sensei/sensei_imodified.png using Guid(a51014e4472734f598953550bcaf56ab) Importer(815301076,1909f56bfc062723c751e8b465ee728b)  -> (artifact id: 'af96fea6e4294a940c4c4e70f14b06d0') in 0.116641 seconds
Number of updated asset objects reloaded before import = 0
Number of asset objects unloaded after import = 6
========================================================================
Received Import Request.
  Time since last request: 0.000041 seconds.
  path: Assets/art/Sprites/UI/CombatUI/spr_coin_strip4.png
  artifactKey: Guid(21cb5f0adc89a4c4f9b44cf2320ed1a2) Importer(815301076,1909f56bfc062723c751e8b465ee728b)
Start importing Assets/art/Sprites/UI/CombatUI/spr_coin_strip4.png using Guid(21cb5f0adc89a4c4f9b44cf2320ed1a2) Importer(815301076,1909f56bfc062723c751e8b465ee728b)  -> (artifact id: '78f5318f3cefa1966620f02527f3623d') in 0.156123 seconds
Number of updated asset objects reloaded before import = 0
Number of asset objects unloaded after import = 3
