Using pre-set license
Built from '2022.3/staging' branch; Version is '2022.3.15f1 (b58023a2b463) revision 11894819'; Using compiler version '192829333'; Build Type 'Release'
OS: 'Windows 11  (10.0.22631) 64bit Professional' Language: 'es' Physical Memory: 32693 MB
BatchMode: 1, IsHumanControllingUs: 0, StartBugReporterOnCrash: 0, Is64bit: 1, IsPro: 1

COMMAND LINE ARGUMENTS:
C:\Program Files\Unity\Hub\Editor\2022.3.15f1\Editor\Unity.exe
-adb2
-batchMode
-noUpm
-name
AssetImportWorker2
-projectPath
C:/Users/USUARIO/OneDrive/Escritorio/Curso Unity RPG/RPG_Game/TownHeroRPG
-logFile
Logs/AssetImportWorker2.log
-srvPort
50731
Successfully changed project path to: C:/Users/USUARIO/OneDrive/Escritorio/Curso Unity RPG/RPG_Game/TownHeroRPG
C:/Users/USUARIO/OneDrive/Escritorio/Curso Unity RPG/RPG_Game/TownHeroRPG
[UnityMemory] Configuration Parameters - Can be set up in boot.config
    "memorysetup-bucket-allocator-granularity=16"
    "memorysetup-bucket-allocator-bucket-count=8"
    "memorysetup-bucket-allocator-block-size=33554432"
    "memorysetup-bucket-allocator-block-count=8"
    "memorysetup-main-allocator-block-size=16777216"
    "memorysetup-thread-allocator-block-size=16777216"
    "memorysetup-gfx-main-allocator-block-size=16777216"
    "memorysetup-gfx-thread-allocator-block-size=16777216"
    "memorysetup-cache-allocator-block-size=4194304"
    "memorysetup-typetree-allocator-block-size=2097152"
    "memorysetup-profiler-bucket-allocator-granularity=16"
    "memorysetup-profiler-bucket-allocator-bucket-count=8"
    "memorysetup-profiler-bucket-allocator-block-size=33554432"
    "memorysetup-profiler-bucket-allocator-block-count=8"
    "memorysetup-profiler-allocator-block-size=16777216"
    "memorysetup-profiler-editor-allocator-block-size=1048576"
    "memorysetup-temp-allocator-size-main=16777216"
    "memorysetup-job-temp-allocator-block-size=2097152"
    "memorysetup-job-temp-allocator-block-size-background=1048576"
    "memorysetup-job-temp-allocator-reduction-small-platforms=262144"
    "memorysetup-allocator-temp-initial-block-size-main=262144"
    "memorysetup-allocator-temp-initial-block-size-worker=262144"
    "memorysetup-temp-allocator-size-background-worker=32768"
    "memorysetup-temp-allocator-size-job-worker=262144"
    "memorysetup-temp-allocator-size-preload-manager=33554432"
    "memorysetup-temp-allocator-size-nav-mesh-worker=65536"
    "memorysetup-temp-allocator-size-audio-worker=65536"
    "memorysetup-temp-allocator-size-cloud-worker=32768"
    "memorysetup-temp-allocator-size-gi-baking-worker=262144"
    "memorysetup-temp-allocator-size-gfx=262144"
Player connection [4896] Host "[IP] 192.168.127.1 [Port] 0 [Flags] 2 [Guid] 928437384 [EditorId] 928437384 [Version] 1048832 [Id] WindowsEditor(7,DESKTOP-3M5VI0D) [Debug] 1 [PackageName] WindowsEditor [ProjectName] Editor" joined multi-casting on [225.0.0.222:54997]...

Player connection [4896] Host "[IP] 192.168.127.1 [Port] 0 [Flags] 2 [Guid] 928437384 [EditorId] 928437384 [Version] 1048832 [Id] WindowsEditor(7,DESKTOP-3M5VI0D) [Debug] 1 [PackageName] WindowsEditor [ProjectName] Editor" joined alternative multi-casting on [225.0.0.222:34997]...

[Physics::Module] Initialized MultithreadedJobDispatcher with 15 workers.
Refreshing native plugins compatible for Editor in 29.76 ms, found 6 plugins.
Preloading 0 native plugins for Editor in 0.00 ms.
Initialize engine version: 2022.3.15f1 (b58023a2b463)
[Subsystems] Discovering subsystems at path C:/Program Files/Unity/Hub/Editor/2022.3.15f1/Editor/Data/Resources/UnitySubsystems
[Subsystems] Discovering subsystems at path C:/Users/USUARIO/OneDrive/Escritorio/Curso Unity RPG/RPG_Game/TownHeroRPG/Assets
GfxDevice: creating device client; threaded=0; jobified=0
Direct3D:
    Version:  Direct3D 11.0 [level 11.1]
    Renderer: NVIDIA GeForce RTX 4060 (ID=0x2882)
    Vendor:   NVIDIA
    VRAM:     7957 MB
    Driver:   32.0.15.6070
Initialize mono
Mono path[0] = 'C:/Program Files/Unity/Hub/Editor/2022.3.15f1/Editor/Data/Managed'
Mono path[1] = 'C:/Program Files/Unity/Hub/Editor/2022.3.15f1/Editor/Data/MonoBleedingEdge/lib/mono/unityjit-win32'
Mono config path = 'C:/Program Files/Unity/Hub/Editor/2022.3.15f1/Editor/Data/MonoBleedingEdge/etc'
Using monoOptions --debugger-agent=transport=dt_socket,embedding=1,server=y,suspend=n,address=127.0.0.1:56604
Begin MonoManager ReloadAssembly
Registering precompiled unity dll's ...
Register platform support module: C:/Program Files/Unity/Hub/Editor/2022.3.15f1/Editor/Data/PlaybackEngines/WindowsStandaloneSupport/UnityEditor.WindowsStandalone.Extensions.dll
Registered in 0.006103 seconds.
- Loaded All Assemblies, in  0.235 seconds
Native extension for WindowsStandalone target not found
Mono: successfully reloaded assembly
- Finished resetting the current domain, in  0.184 seconds
Domain Reload Profiling: 417ms
	BeginReloadAssembly (76ms)
		ExecutionOrderSort (0ms)
		DisableScriptedObjects (0ms)
		BackupInstance (0ms)
		ReleaseScriptingObjects (0ms)
		CreateAndSetChildDomain (0ms)
	RebuildCommonClasses (22ms)
	RebuildNativeTypeToScriptingClass (7ms)
	initialDomainReloadingComplete (42ms)
	LoadAllAssembliesAndSetupDomain (86ms)
		LoadAssemblies (74ms)
		RebuildTransferFunctionScriptingTraits (0ms)
		AnalyzeDomain (85ms)
			TypeCache.Refresh (84ms)
				TypeCache.ScanAssembly (75ms)
			ScanForSourceGeneratedMonoScriptInfo (0ms)
			ResolveRequiredComponents (0ms)
	FinalizeReload (184ms)
		ReleaseScriptCaches (0ms)
		RebuildScriptCaches (0ms)
		SetupLoadedEditorAssemblies (146ms)
			LogAssemblyErrors (0ms)
			InitializePlatformSupportModulesInManaged (7ms)
			SetLoadedEditorAssemblies (5ms)
			RefreshPlugins (0ms)
			BeforeProcessingInitializeOnLoad (1ms)
			ProcessInitializeOnLoadAttributes (101ms)
			ProcessInitializeOnLoadMethodAttributes (31ms)
			AfterProcessingInitializeOnLoad (0ms)
			EditorAssembliesLoaded (0ms)
		ExecutionOrderSort2 (0ms)
		AwakeInstancesAfterBackupRestoration (0ms)
========================================================================
Worker process is ready to serve import requests
Begin MonoManager ReloadAssembly
- Loaded All Assemblies, in  0.479 seconds
Refreshing native plugins compatible for Editor in 15.66 ms, found 6 plugins.
Native extension for WindowsStandalone target not found
Package Manager log level set to [2]
[Package Manager] Server::EnsureServerProcessIsRunning -- launch failed, reason: Unity was launched with the -noUpm command-line argument
[Package Manager] UpmClient::Send -- Unable to send message (not connected to UPM process).
[Package Manager] Cannot connect to Unity Package Manager local server
Mono: successfully reloaded assembly
- Finished resetting the current domain, in  0.543 seconds
Domain Reload Profiling: 1019ms
	BeginReloadAssembly (107ms)
		ExecutionOrderSort (0ms)
		DisableScriptedObjects (4ms)
		BackupInstance (0ms)
		ReleaseScriptingObjects (0ms)
		CreateAndSetChildDomain (15ms)
	RebuildCommonClasses (22ms)
	RebuildNativeTypeToScriptingClass (7ms)
	initialDomainReloadingComplete (32ms)
	LoadAllAssembliesAndSetupDomain (308ms)
		LoadAssemblies (240ms)
		RebuildTransferFunctionScriptingTraits (0ms)
		AnalyzeDomain (131ms)
			TypeCache.Refresh (108ms)
				TypeCache.ScanAssembly (97ms)
			ScanForSourceGeneratedMonoScriptInfo (18ms)
			ResolveRequiredComponents (5ms)
	FinalizeReload (544ms)
		ReleaseScriptCaches (0ms)
		RebuildScriptCaches (0ms)
		SetupLoadedEditorAssemblies (423ms)
			LogAssemblyErrors (0ms)
			InitializePlatformSupportModulesInManaged (4ms)
			SetLoadedEditorAssemblies (3ms)
			RefreshPlugins (0ms)
			BeforeProcessingInitializeOnLoad (61ms)
			ProcessInitializeOnLoadAttributes (316ms)
			ProcessInitializeOnLoadMethodAttributes (29ms)
			AfterProcessingInitializeOnLoad (8ms)
			EditorAssembliesLoaded (0ms)
		ExecutionOrderSort2 (0ms)
		AwakeInstancesAfterBackupRestoration (4ms)
Launched and connected shader compiler UnityShaderCompiler.exe after 0.03 seconds
Refreshing native plugins compatible for Editor in 15.45 ms, found 6 plugins.
Preloading 0 native plugins for Editor in 0.00 ms.
Unloading 5099 Unused Serialized files (Serialized files now loaded: 0)
Unloading 144 unused Assets / (168.1 KB). Loaded Objects now: 5502.
Memory consumption went from 171.3 MB to 171.1 MB.
Total: 3.095800 ms (FindLiveObjects: 0.297700 ms CreateObjectMapping: 0.130100 ms MarkObjects: 2.484900 ms  DeleteObjects: 0.182400 ms)

AssetImportParameters requested are different than current active one (requested -> active):
  custom:container-demuxer-ogg: 62fdf1f143b41e24485cea50d1cbac27 -> 
  custom:video-decoder-ogg-theora: a1e56fd34408186e4bbccfd4996cb3dc -> 
  custom:framework-win-MediaFoundation: 216162199b28c13a410421893ffa2e32 -> 
  custom:CustomObjectIndexerAttribute: 43b350a4d6e6d1791af0b5038c4bea17 -> 
  custom:container-demuxer-webm: 4f35f7cbe854078d1ac9338744f61a02 -> 
  custom:container-muxer-webm: aa71ff27fc2769a1b78a27578f13a17b -> 
  custom:video-decoder-webm-vp8: 9c59270c3fd7afecdb556c50c9e8de78 -> 
  custom:SearchIndexIgnoredProperties: e643bd26f0fe6173181afceb89e7c659 -> 
  custom:AudioImporter_EditorPlatform: d09bf68614088b80899f8185d706f6e7 -> 
  custom:video-encoder-webm-vp8: eb34c28f22e8b96e1ab97ce403110664 -> 
  custom:audio-decoder-ogg-vorbis: bf7c407c2cedff20999df2af8eb42d56 -> 
  custom:audio-encoder-webm-vorbis: bf7c407c2cedff20999df2af8eb42d56 -> 
========================================================================
Received Import Request.
  Time since last request: 4497.461005 seconds.
  path: Assets/art/Sprites/Environment/objects/objects.png
  artifactKey: Guid(226c57e4a1a204940adc1df9cef19b89) Importer(815301076,1909f56bfc062723c751e8b465ee728b)
Start importing Assets/art/Sprites/Environment/objects/objects.png using Guid(226c57e4a1a204940adc1df9cef19b89) Importer(815301076,1909f56bfc062723c751e8b465ee728b)  -> (artifact id: '823d521c417b7b8c169cb784ad9e613c') in 0.073847 seconds
Number of updated asset objects reloaded before import = 0
Number of asset objects unloaded after import = 3
========================================================================
Received Import Request.
  Time since last request: 97.536375 seconds.
  path: Assets/art/Sprites/Characters/chars/mani/mani-idle-run.png
  artifactKey: Guid(b2ce9e793ef7b4645b6a81494bb041b9) Importer(815301076,1909f56bfc062723c751e8b465ee728b)
Start importing Assets/art/Sprites/Characters/chars/mani/mani-idle-run.png using Guid(b2ce9e793ef7b4645b6a81494bb041b9) Importer(815301076,1909f56bfc062723c751e8b465ee728b)  -> (artifact id: '8ffc3a31d23069524202bf133400dbca') in 0.032317 seconds
Number of updated asset objects reloaded before import = 0
Number of asset objects unloaded after import = 9
========================================================================
Received Import Request.
  Time since last request: 1374.041854 seconds.
  path: Assets/art/Sprites/Environment/objects/rock_in_water_01.png
  artifactKey: Guid(1c491b4db4f346d4a9f7dafb0db80763) Importer(815301076,1909f56bfc062723c751e8b465ee728b)
Start importing Assets/art/Sprites/Environment/objects/rock_in_water_01.png using Guid(1c491b4db4f346d4a9f7dafb0db80763) Importer(815301076,1909f56bfc062723c751e8b465ee728b)  -> (artifact id: 'b1e84e990ca30d607179848e62a79cef') in 0.019180 seconds
Number of updated asset objects reloaded before import = 0
Number of asset objects unloaded after import = 3
========================================================================
Received Import Request.
  Time since last request: 0.000016 seconds.
  path: Assets/art/Sprites/Environment/objects/rock_in_water_02.png
  artifactKey: Guid(63befd89de8e5244d8704ddd81aef6dc) Importer(815301076,1909f56bfc062723c751e8b465ee728b)
Start importing Assets/art/Sprites/Environment/objects/rock_in_water_02.png using Guid(63befd89de8e5244d8704ddd81aef6dc) Importer(815301076,1909f56bfc062723c751e8b465ee728b)  -> (artifact id: '138b683c3ad07992d88e20c0a03bf63a') in 0.015687 seconds
Number of updated asset objects reloaded before import = 0
Number of asset objects unloaded after import = 3
========================================================================
Received Import Request.
  Time since last request: 0.934588 seconds.
  path: Assets/art/Sprites/Environment/objects/rock_in_water_03.png
  artifactKey: Guid(16ff8179e1f7804459033aed92f9413c) Importer(815301076,1909f56bfc062723c751e8b465ee728b)
Start importing Assets/art/Sprites/Environment/objects/rock_in_water_03.png using Guid(16ff8179e1f7804459033aed92f9413c) Importer(815301076,1909f56bfc062723c751e8b465ee728b)  -> (artifact id: 'f477540ce448a2b3a3af248ef19d3208') in 0.014995 seconds
Number of updated asset objects reloaded before import = 0
Number of asset objects unloaded after import = 3
========================================================================
Received Import Request.
  Time since last request: 0.000012 seconds.
  path: Assets/art/Sprites/Environment/objects/rock_in_water_05.png
  artifactKey: Guid(4d9d2e998f49eec4dbe47b901754ad14) Importer(815301076,1909f56bfc062723c751e8b465ee728b)
Start importing Assets/art/Sprites/Environment/objects/rock_in_water_05.png using Guid(4d9d2e998f49eec4dbe47b901754ad14) Importer(815301076,1909f56bfc062723c751e8b465ee728b)  -> (artifact id: '984ffffddff41e264463b3faee40f46c') in 0.017980 seconds
Number of updated asset objects reloaded before import = 0
Number of asset objects unloaded after import = 3
========================================================================
Received Import Request.
  Time since last request: 30.863057 seconds.
  path: Assets/art/Sprites/Characters/mobs/skeleton.png
  artifactKey: Guid(0816ceb17999cd240b7f0b6713449d6f) Importer(815301076,1909f56bfc062723c751e8b465ee728b)
Start importing Assets/art/Sprites/Characters/mobs/skeleton.png using Guid(0816ceb17999cd240b7f0b6713449d6f) Importer(815301076,1909f56bfc062723c751e8b465ee728b)  -> (artifact id: 'a458cbd965409ecad3fc4bb1ad6ad29a') in 0.017883 seconds
Number of updated asset objects reloaded before import = 0
Number of asset objects unloaded after import = 3
========================================================================
Received Import Request.
  Time since last request: 0.000016 seconds.
  path: Assets/art/Sprites/Characters/mobs/slime.png
  artifactKey: Guid(bb80d56fd15c46e49b509a10457231d3) Importer(815301076,1909f56bfc062723c751e8b465ee728b)
Start importing Assets/art/Sprites/Characters/mobs/slime.png using Guid(bb80d56fd15c46e49b509a10457231d3) Importer(815301076,1909f56bfc062723c751e8b465ee728b)  -> (artifact id: 'dd14784f328b2214298dcd56c1161913') in 0.023411 seconds
Number of updated asset objects reloaded before import = 0
Number of asset objects unloaded after import = 3
