Using pre-set license
Built from '2022.3/staging' branch; Version is '2022.3.15f1 (b58023a2b463) revision 11894819'; Using compiler version '192829333'; Build Type 'Release'
OS: 'Windows 11  (10.0.22631) 64bit Professional' Language: 'es' Physical Memory: 16309 MB
BatchMode: 1, IsHumanControllingUs: 0, StartBugReporterOnCrash: 0, Is64bit: 1, IsPro: 1

COMMAND LINE ARGUMENTS:
C:\Program Files\Unity\Hub\Editor\2022.3.15f1\Editor\Unity.exe
-adb2
-batchMode
-noUpm
-name
AssetImportWorker0
-projectPath
C:/Users/USUARIO/OneDrive/Escritorio/Curso Unity RPG/RPG_Game/TownHeroRPG
-logFile
Logs/AssetImportWorker0.log
-srvPort
52177
Successfully changed project path to: C:/Users/USUARIO/OneDrive/Escritorio/Curso Unity RPG/RPG_Game/TownHeroRPG
C:/Users/USUARIO/OneDrive/Escritorio/Curso Unity RPG/RPG_Game/TownHeroRPG
[UnityMemory] Configuration Parameters - Can be set up in boot.config
    "memorysetup-bucket-allocator-granularity=16"
    "memorysetup-bucket-allocator-bucket-count=8"
    "memorysetup-bucket-allocator-block-size=33554432"
    "memorysetup-bucket-allocator-block-count=8"
    "memorysetup-main-allocator-block-size=16777216"
    "memorysetup-thread-allocator-block-size=16777216"
    "memorysetup-gfx-main-allocator-block-size=16777216"
    "memorysetup-gfx-thread-allocator-block-size=16777216"
    "memorysetup-cache-allocator-block-size=4194304"
    "memorysetup-typetree-allocator-block-size=2097152"
    "memorysetup-profiler-bucket-allocator-granularity=16"
    "memorysetup-profiler-bucket-allocator-bucket-count=8"
    "memorysetup-profiler-bucket-allocator-block-size=33554432"
    "memorysetup-profiler-bucket-allocator-block-count=8"
    "memorysetup-profiler-allocator-block-size=16777216"
    "memorysetup-profiler-editor-allocator-block-size=1048576"
    "memorysetup-temp-allocator-size-main=16777216"
    "memorysetup-job-temp-allocator-block-size=2097152"
    "memorysetup-job-temp-allocator-block-size-background=1048576"
    "memorysetup-job-temp-allocator-reduction-small-platforms=262144"
    "memorysetup-allocator-temp-initial-block-size-main=262144"
    "memorysetup-allocator-temp-initial-block-size-worker=262144"
    "memorysetup-temp-allocator-size-background-worker=32768"
    "memorysetup-temp-allocator-size-job-worker=262144"
    "memorysetup-temp-allocator-size-preload-manager=33554432"
    "memorysetup-temp-allocator-size-nav-mesh-worker=65536"
    "memorysetup-temp-allocator-size-audio-worker=65536"
    "memorysetup-temp-allocator-size-cloud-worker=32768"
    "memorysetup-temp-allocator-size-gi-baking-worker=262144"
    "memorysetup-temp-allocator-size-gfx=262144"
Player connection [18044] Host "[IP] 192.168.0.23 [Port] 0 [Flags] 2 [Guid] 4017975562 [EditorId] 4017975562 [Version] 1048832 [Id] WindowsEditor(7,DESKTOP-3M5VI0D) [Debug] 1 [PackageName] WindowsEditor [ProjectName] Editor" joined multi-casting on [225.0.0.222:54997]...

Player connection [18044] Host "[IP] 192.168.0.23 [Port] 0 [Flags] 2 [Guid] 4017975562 [EditorId] 4017975562 [Version] 1048832 [Id] WindowsEditor(7,DESKTOP-3M5VI0D) [Debug] 1 [PackageName] WindowsEditor [ProjectName] Editor" joined alternative multi-casting on [225.0.0.222:34997]...

[Physics::Module] Initialized MultithreadedJobDispatcher with 11 workers.
Refreshing native plugins compatible for Editor in 30.28 ms, found 6 plugins.
Preloading 0 native plugins for Editor in 0.00 ms.
Initialize engine version: 2022.3.15f1 (b58023a2b463)
[Subsystems] Discovering subsystems at path C:/Program Files/Unity/Hub/Editor/2022.3.15f1/Editor/Data/Resources/UnitySubsystems
[Subsystems] Discovering subsystems at path C:/Users/USUARIO/OneDrive/Escritorio/Curso Unity RPG/RPG_Game/TownHeroRPG/Assets
GfxDevice: creating device client; threaded=0; jobified=0
Direct3D:
    Version:  Direct3D 11.0 [level 11.1]
    Renderer: NVIDIA GeForce RTX 4060 (ID=0x2882)
    Vendor:   NVIDIA
    VRAM:     7971 MB
    Driver:   31.0.15.4617
Initialize mono
Mono path[0] = 'C:/Program Files/Unity/Hub/Editor/2022.3.15f1/Editor/Data/Managed'
Mono path[1] = 'C:/Program Files/Unity/Hub/Editor/2022.3.15f1/Editor/Data/MonoBleedingEdge/lib/mono/unityjit-win32'
Mono config path = 'C:/Program Files/Unity/Hub/Editor/2022.3.15f1/Editor/Data/MonoBleedingEdge/etc'
Using monoOptions --debugger-agent=transport=dt_socket,embedding=1,server=y,suspend=n,address=127.0.0.1:56868
Begin MonoManager ReloadAssembly
Registering precompiled unity dll's ...
Register platform support module: C:/Program Files/Unity/Hub/Editor/2022.3.15f1/Editor/Data/PlaybackEngines/AndroidPlayer/UnityEditor.Android.Extensions.dll
Register platform support module: C:/Program Files/Unity/Hub/Editor/2022.3.15f1/Editor/Data/PlaybackEngines/WindowsStandaloneSupport/UnityEditor.WindowsStandalone.Extensions.dll
Registered in 0.011533 seconds.
- Loaded All Assemblies, in  0.406 seconds
Native extension for WindowsStandalone target not found
Native extension for Android target not found
Android Extension - Scanning For ADB Devices 241 ms
Mono: successfully reloaded assembly
- Finished resetting the current domain, in  0.591 seconds
Domain Reload Profiling: 995ms
	BeginReloadAssembly (132ms)
		ExecutionOrderSort (0ms)
		DisableScriptedObjects (0ms)
		BackupInstance (0ms)
		ReleaseScriptingObjects (0ms)
		CreateAndSetChildDomain (1ms)
	RebuildCommonClasses (38ms)
	RebuildNativeTypeToScriptingClass (12ms)
	initialDomainReloadingComplete (72ms)
	LoadAllAssembliesAndSetupDomain (149ms)
		LoadAssemblies (129ms)
		RebuildTransferFunctionScriptingTraits (0ms)
		AnalyzeDomain (146ms)
			TypeCache.Refresh (145ms)
				TypeCache.ScanAssembly (132ms)
			ScanForSourceGeneratedMonoScriptInfo (0ms)
			ResolveRequiredComponents (0ms)
	FinalizeReload (592ms)
		ReleaseScriptCaches (0ms)
		RebuildScriptCaches (0ms)
		SetupLoadedEditorAssemblies (534ms)
			LogAssemblyErrors (0ms)
			InitializePlatformSupportModulesInManaged (362ms)
			SetLoadedEditorAssemblies (4ms)
			RefreshPlugins (0ms)
			BeforeProcessingInitializeOnLoad (2ms)
			ProcessInitializeOnLoadAttributes (121ms)
			ProcessInitializeOnLoadMethodAttributes (45ms)
			AfterProcessingInitializeOnLoad (0ms)
			EditorAssembliesLoaded (0ms)
		ExecutionOrderSort2 (0ms)
		AwakeInstancesAfterBackupRestoration (0ms)
========================================================================
Worker process is ready to serve import requests
Begin MonoManager ReloadAssembly
- Loaded All Assemblies, in  0.736 seconds
Refreshing native plugins compatible for Editor in 17.39 ms, found 6 plugins.
Native extension for WindowsStandalone target not found
Native extension for Android target not found
Package Manager log level set to [2]
[Package Manager] Server::EnsureServerProcessIsRunning -- launch failed, reason: Unity was launched with the -noUpm command-line argument
[Package Manager] UpmClient::Send -- Unable to send message (not connected to UPM process).
[Package Manager] Cannot connect to Unity Package Manager local server
Mono: successfully reloaded assembly
- Finished resetting the current domain, in  0.746 seconds
Domain Reload Profiling: 1476ms
	BeginReloadAssembly (142ms)
		ExecutionOrderSort (0ms)
		DisableScriptedObjects (5ms)
		BackupInstance (0ms)
		ReleaseScriptingObjects (0ms)
		CreateAndSetChildDomain (19ms)
	RebuildCommonClasses (31ms)
	RebuildNativeTypeToScriptingClass (11ms)
	initialDomainReloadingComplete (50ms)
	LoadAllAssembliesAndSetupDomain (496ms)
		LoadAssemblies (379ms)
		RebuildTransferFunctionScriptingTraits (0ms)
		AnalyzeDomain (204ms)
			TypeCache.Refresh (170ms)
				TypeCache.ScanAssembly (151ms)
			ScanForSourceGeneratedMonoScriptInfo (25ms)
			ResolveRequiredComponents (7ms)
	FinalizeReload (746ms)
		ReleaseScriptCaches (0ms)
		RebuildScriptCaches (0ms)
		SetupLoadedEditorAssemblies (555ms)
			LogAssemblyErrors (0ms)
			InitializePlatformSupportModulesInManaged (22ms)
			SetLoadedEditorAssemblies (5ms)
			RefreshPlugins (0ms)
			BeforeProcessingInitializeOnLoad (79ms)
			ProcessInitializeOnLoadAttributes (395ms)
			ProcessInitializeOnLoadMethodAttributes (46ms)
			AfterProcessingInitializeOnLoad (8ms)
			EditorAssembliesLoaded (0ms)
		ExecutionOrderSort2 (0ms)
		AwakeInstancesAfterBackupRestoration (5ms)
Launched and connected shader compiler UnityShaderCompiler.exe after 0.03 seconds
Refreshing native plugins compatible for Editor in 18.56 ms, found 6 plugins.
Preloading 0 native plugins for Editor in 0.00 ms.
Unloading 5100 Unused Serialized files (Serialized files now loaded: 0)
Unloading 144 unused Assets / (168.0 KB). Loaded Objects now: 5506.
Memory consumption went from 176.1 MB to 175.9 MB.
Total: 4.011500 ms (FindLiveObjects: 0.438800 ms CreateObjectMapping: 0.152200 ms MarkObjects: 3.201800 ms  DeleteObjects: 0.217600 ms)

AssetImportParameters requested are different than current active one (requested -> active):
  custom:container-demuxer-ogg: 62fdf1f143b41e24485cea50d1cbac27 -> 
  custom:video-decoder-ogg-theora: a1e56fd34408186e4bbccfd4996cb3dc -> 
  custom:framework-win-MediaFoundation: 216162199b28c13a410421893ffa2e32 -> 
  custom:CustomObjectIndexerAttribute: 43b350a4d6e6d1791af0b5038c4bea17 -> 
  custom:container-demuxer-webm: 4f35f7cbe854078d1ac9338744f61a02 -> 
  custom:container-muxer-webm: aa71ff27fc2769a1b78a27578f13a17b -> 
  custom:video-decoder-webm-vp8: 9c59270c3fd7afecdb556c50c9e8de78 -> 
  custom:SearchIndexIgnoredProperties: e643bd26f0fe6173181afceb89e7c659 -> 
  custom:AudioImporter_EditorPlatform: d09bf68614088b80899f8185d706f6e7 -> 
  custom:video-encoder-webm-vp8: eb34c28f22e8b96e1ab97ce403110664 -> 
  custom:audio-decoder-ogg-vorbis: bf7c407c2cedff20999df2af8eb42d56 -> 
  custom:audio-encoder-webm-vorbis: bf7c407c2cedff20999df2af8eb42d56 -> 
========================================================================
Received Import Request.
  Time since last request: 151848.763863 seconds.
  path: Assets/Prefabs/Combat/Slime 1.prefab
  artifactKey: Guid(87274959a6b77a341af02531ca065785) Importer(815301076,1909f56bfc062723c751e8b465ee728b)
Start importing Assets/Prefabs/Combat/Slime 1.prefab using Guid(87274959a6b77a341af02531ca065785) Importer(815301076,1909f56bfc062723c751e8b465ee728b)  -> (artifact id: '1ad9c72f83c43202e3c02880692e241b') in 0.072301 seconds
Number of updated asset objects reloaded before import = 0
Number of asset objects unloaded after import = 14
========================================================================
Received Import Request.
  Time since last request: 13.399774 seconds.
  path: Assets/Prefabs/Combat/Slime Orange.prefab
  artifactKey: Guid(87274959a6b77a341af02531ca065785) Importer(815301076,1909f56bfc062723c751e8b465ee728b)
Start importing Assets/Prefabs/Combat/Slime Orange.prefab using Guid(87274959a6b77a341af02531ca065785) Importer(815301076,1909f56bfc062723c751e8b465ee728b)  -> (artifact id: 'f4b1201af7c36916d1bdf1c724897fd9') in 0.009529 seconds
Number of updated asset objects reloaded before import = 0
Number of asset objects unloaded after import = 14
========================================================================
Received Import Request.
  Time since last request: 17.794337 seconds.
  path: Assets/art/Sprites/Characters/mobs/slime-orange.png
  artifactKey: Guid(7be71aa63b7ad4fd599ddb56cadec905) Importer(815301076,1909f56bfc062723c751e8b465ee728b)
Start importing Assets/art/Sprites/Characters/mobs/slime-orange.png using Guid(7be71aa63b7ad4fd599ddb56cadec905) Importer(815301076,1909f56bfc062723c751e8b465ee728b)  -> (artifact id: '80253fa95ba435984d4f826b8e2a2c9b') in 0.031398 seconds
Number of updated asset objects reloaded before import = 0
Number of asset objects unloaded after import = 2
========================================================================
Received Import Request.
  Time since last request: 9.203897 seconds.
  path: Assets/art/Sprites/Characters/mobs/slime-orange.png
  artifactKey: Guid(7be71aa63b7ad4fd599ddb56cadec905) Importer(815301076,1909f56bfc062723c751e8b465ee728b)
Start importing Assets/art/Sprites/Characters/mobs/slime-orange.png using Guid(7be71aa63b7ad4fd599ddb56cadec905) Importer(815301076,1909f56bfc062723c751e8b465ee728b)  -> (artifact id: '39da8c0a5bbd8de79f8105610b6013ce') in 0.037725 seconds
Number of updated asset objects reloaded before import = 0
Number of asset objects unloaded after import = 6
========================================================================
Received Import Request.
  Time since last request: 6.499747 seconds.
  path: Assets/art/Sprites/Characters/mobs/slime-green.png
  artifactKey: Guid(5b40c138125ef47d19a94f7b6720a548) Importer(815301076,1909f56bfc062723c751e8b465ee728b)
Start importing Assets/art/Sprites/Characters/mobs/slime-green.png using Guid(5b40c138125ef47d19a94f7b6720a548) Importer(815301076,1909f56bfc062723c751e8b465ee728b)  -> (artifact id: '12656282c19d5d7ed8f98edc66df15c0') in 0.018655 seconds
Number of updated asset objects reloaded before import = 0
Number of asset objects unloaded after import = 2
========================================================================
Received Import Request.
  Time since last request: 4.452863 seconds.
  path: Assets/art/Sprites/Characters/mobs/slime-green.png
  artifactKey: Guid(5b40c138125ef47d19a94f7b6720a548) Importer(815301076,1909f56bfc062723c751e8b465ee728b)
Start importing Assets/art/Sprites/Characters/mobs/slime-green.png using Guid(5b40c138125ef47d19a94f7b6720a548) Importer(815301076,1909f56bfc062723c751e8b465ee728b)  -> (artifact id: 'ccb24185517fc9b69f2778643071e3e6') in 0.026851 seconds
Number of updated asset objects reloaded before import = 0
Number of asset objects unloaded after import = 6
========================================================================
Received Import Request.
  Time since last request: 7.058613 seconds.
  path: Assets/art/Sprites/Characters/mobs/worm-run-idle.png
  artifactKey: Guid(c3f421b65b71646248374cf7be196a20) Importer(815301076,1909f56bfc062723c751e8b465ee728b)
Start importing Assets/art/Sprites/Characters/mobs/worm-run-idle.png using Guid(c3f421b65b71646248374cf7be196a20) Importer(815301076,1909f56bfc062723c751e8b465ee728b)  -> (artifact id: '543f6e27fd6a9caa827fa951702240dd') in 0.022296 seconds
Number of updated asset objects reloaded before import = 0
Number of asset objects unloaded after import = 2
========================================================================
Received Import Request.
  Time since last request: 61.180248 seconds.
  path: Assets/art/Sprites/Characters/mobs/worm-run-idle.png
  artifactKey: Guid(c3f421b65b71646248374cf7be196a20) Importer(815301076,1909f56bfc062723c751e8b465ee728b)
Start importing Assets/art/Sprites/Characters/mobs/worm-run-idle.png using Guid(c3f421b65b71646248374cf7be196a20) Importer(815301076,1909f56bfc062723c751e8b465ee728b)  -> (artifact id: '5d36507a4ad787582dadea6ea283f30d') in 0.091231 seconds
Number of updated asset objects reloaded before import = 0
Number of asset objects unloaded after import = 33
========================================================================
Received Import Request.
  Time since last request: 21.608048 seconds.
  path: Assets/art/Sprites/Characters/mobs/fox-run.png
  artifactKey: Guid(067a5d0d6600c486e8757baa1e8e6de7) Importer(815301076,1909f56bfc062723c751e8b465ee728b)
Start importing Assets/art/Sprites/Characters/mobs/fox-run.png using Guid(067a5d0d6600c486e8757baa1e8e6de7) Importer(815301076,1909f56bfc062723c751e8b465ee728b)  -> (artifact id: '19f251dbd64f1965b0dcb591026e3bbe') in 0.018465 seconds
Number of updated asset objects reloaded before import = 0
Number of asset objects unloaded after import = 2
========================================================================
Received Import Request.
  Time since last request: 18.298006 seconds.
  path: Assets/art/Sprites/Characters/mobs/fox-run.png
  artifactKey: Guid(067a5d0d6600c486e8757baa1e8e6de7) Importer(815301076,1909f56bfc062723c751e8b465ee728b)
Start importing Assets/art/Sprites/Characters/mobs/fox-run.png using Guid(067a5d0d6600c486e8757baa1e8e6de7) Importer(815301076,1909f56bfc062723c751e8b465ee728b)  -> (artifact id: '09cff444a59f4872af1aa025ff899c26') in 0.033763 seconds
Number of updated asset objects reloaded before import = 0
Number of asset objects unloaded after import = 8
========================================================================
Received Import Request.
  Time since last request: 119.993300 seconds.
  path: Assets/ScriptableObjects/InventorySystem/Enemies/SlimeOrangeInventory.asset
  artifactKey: Guid(5fb68245165b196469e4b79d1727c314) Importer(815301076,1909f56bfc062723c751e8b465ee728b)
Start importing Assets/ScriptableObjects/InventorySystem/Enemies/SlimeOrangeInventory.asset using Guid(5fb68245165b196469e4b79d1727c314) Importer(815301076,1909f56bfc062723c751e8b465ee728b)  -> (artifact id: '789c916194736e997fb8af6f00b52ed4') in 0.001446 seconds
Number of updated asset objects reloaded before import = 0
Number of asset objects unloaded after import = 1
========================================================================
Received Import Request.
  Time since last request: 11.474768 seconds.
  path: Assets/ScriptableObjects/InventorySystem/Enemies/SlimeGreenInventory.asset
  artifactKey: Guid(b304877f0f6e18c4a977cec36843b270) Importer(815301076,1909f56bfc062723c751e8b465ee728b)
Start importing Assets/ScriptableObjects/InventorySystem/Enemies/SlimeGreenInventory.asset using Guid(b304877f0f6e18c4a977cec36843b270) Importer(815301076,1909f56bfc062723c751e8b465ee728b)  -> (artifact id: 'ba17efd86bf786cd22c75ea5858b7e08') in 0.001048 seconds
Number of updated asset objects reloaded before import = 0
Number of asset objects unloaded after import = 1
========================================================================
Received Import Request.
  Time since last request: 9.002579 seconds.
  path: Assets/ScriptableObjects/InventorySystem/Enemies/WormInventory.asset
  artifactKey: Guid(c973a7688d809a440a638a66de1cb270) Importer(815301076,1909f56bfc062723c751e8b465ee728b)
Start importing Assets/ScriptableObjects/InventorySystem/Enemies/WormInventory.asset using Guid(c973a7688d809a440a638a66de1cb270) Importer(815301076,1909f56bfc062723c751e8b465ee728b)  -> (artifact id: '55ccb67436288c89ac825c6a187b8789') in 0.000979 seconds
Number of updated asset objects reloaded before import = 0
Number of asset objects unloaded after import = 1
========================================================================
Received Import Request.
  Time since last request: 11.845850 seconds.
  path: Assets/ScriptableObjects/InventorySystem/Enemies/NewInventory.asset
  artifactKey: Guid(11ba2bac9ba44044b922f55abbeed4b0) Importer(815301076,1909f56bfc062723c751e8b465ee728b)
Start importing Assets/ScriptableObjects/InventorySystem/Enemies/NewInventory.asset using Guid(11ba2bac9ba44044b922f55abbeed4b0) Importer(815301076,1909f56bfc062723c751e8b465ee728b)  -> (artifact id: '2f6cff154f5404e4233ced865dfb98b3') in 0.001019 seconds
Number of updated asset objects reloaded before import = 0
Number of asset objects unloaded after import = 1
========================================================================
Received Import Request.
  Time since last request: 5.525237 seconds.
  path: Assets/ScriptableObjects/InventorySystem/Enemies/KoboldInventory.asset
  artifactKey: Guid(1fb9821e9c0528645911337851e4ed39) Importer(815301076,1909f56bfc062723c751e8b465ee728b)
Start importing Assets/ScriptableObjects/InventorySystem/Enemies/KoboldInventory.asset using Guid(1fb9821e9c0528645911337851e4ed39) Importer(815301076,1909f56bfc062723c751e8b465ee728b)  -> (artifact id: 'ffd1604823acb7d560316c80f3e5eb3b') in 0.001747 seconds
Number of updated asset objects reloaded before import = 0
Number of asset objects unloaded after import = 2
========================================================================
Received Import Request.
  Time since last request: 45.960732 seconds.
  path: Assets/ScriptableObjects/InventorySystem/Enemies/Weapons/MutantBeeWeapon.asset
  artifactKey: Guid(e3c50a7807a4d1b47bdd5caa0532c3c4) Importer(815301076,1909f56bfc062723c751e8b465ee728b)
Start importing Assets/ScriptableObjects/InventorySystem/Enemies/Weapons/MutantBeeWeapon.asset using Guid(e3c50a7807a4d1b47bdd5caa0532c3c4) Importer(815301076,1909f56bfc062723c751e8b465ee728b)  -> (artifact id: '76405a80dc745fd94228774aa456c50f') in 0.001052 seconds
Number of updated asset objects reloaded before import = 0
Number of asset objects unloaded after import = 1
========================================================================
Received Import Request.
  Time since last request: 11.731609 seconds.
  path: Assets/ScriptableObjects/InventorySystem/Enemies/Weapons/SlimeOrangeWeapon.asset
  artifactKey: Guid(4ac3f02e13606164488ddca44bc52e00) Importer(815301076,1909f56bfc062723c751e8b465ee728b)
Start importing Assets/ScriptableObjects/InventorySystem/Enemies/Weapons/SlimeOrangeWeapon.asset using Guid(4ac3f02e13606164488ddca44bc52e00) Importer(815301076,1909f56bfc062723c751e8b465ee728b)  -> (artifact id: 'a7878741ab3c896ab7f798045c5d9442') in 0.000970 seconds
Number of updated asset objects reloaded before import = 0
Number of asset objects unloaded after import = 1
========================================================================
Received Import Request.
  Time since last request: 11.481984 seconds.
  path: Assets/ScriptableObjects/InventorySystem/Enemies/Weapons/SlimeGreenWeapon.asset
  artifactKey: Guid(8b06eed8d3140e548b5da1458ac17cb8) Importer(815301076,1909f56bfc062723c751e8b465ee728b)
Start importing Assets/ScriptableObjects/InventorySystem/Enemies/Weapons/SlimeGreenWeapon.asset using Guid(8b06eed8d3140e548b5da1458ac17cb8) Importer(815301076,1909f56bfc062723c751e8b465ee728b)  -> (artifact id: 'c78f410f02149be209027432537617a4') in 0.001046 seconds
Number of updated asset objects reloaded before import = 0
Number of asset objects unloaded after import = 1
========================================================================
Received Import Request.
  Time since last request: 3.229327 seconds.
  path: Assets/art/Audio
  artifactKey: Guid(3e27a9ff1a2b6e843a209b1c2ce021c5) Importer(815301076,1909f56bfc062723c751e8b465ee728b)
Start importing Assets/art/Audio using Guid(3e27a9ff1a2b6e843a209b1c2ce021c5) Importer(815301076,1909f56bfc062723c751e8b465ee728b)  -> (artifact id: '4192c40c18ab1c7cba946e0fb4b38189') in 0.000495 seconds
Number of updated asset objects reloaded before import = 0
Number of asset objects unloaded after import = 0
========================================================================
Received Import Request.
  Time since last request: 34.830443 seconds.
  path: Assets/art/Sprites/UI/transparentLight/transparentLight19.png
  artifactKey: Guid(86693e8f27fc0b64a9f6109314a25048) Importer(815301076,1909f56bfc062723c751e8b465ee728b)
Start importing Assets/art/Sprites/UI/transparentLight/transparentLight19.png using Guid(86693e8f27fc0b64a9f6109314a25048) Importer(815301076,1909f56bfc062723c751e8b465ee728b)  -> (artifact id: '9cf69745958e1049bb7fb613882832cc') in 0.022439 seconds
Number of updated asset objects reloaded before import = 0
Number of asset objects unloaded after import = 3
========================================================================
Received Import Request.
  Time since last request: 7.403785 seconds.
  path: Assets/Prefabs/Combat/Slime Orange.prefab
  artifactKey: Guid(87274959a6b77a341af02531ca065785) Importer(815301076,1909f56bfc062723c751e8b465ee728b)
Start importing Assets/Prefabs/Combat/Slime Orange.prefab using Guid(87274959a6b77a341af02531ca065785) Importer(815301076,1909f56bfc062723c751e8b465ee728b)  -> (artifact id: '2d2ac389cc88b7f11d5af57fe34d14c5') in 0.019956 seconds
Number of updated asset objects reloaded before import = 0
Number of asset objects unloaded after import = 14
========================================================================
Received Import Request.
  Time since last request: 0.469797 seconds.
  path: Assets/Prefabs/Combat/Slime Orange 1.prefab
  artifactKey: Guid(930ae024b3fa0da4fb6378cb195c2eee) Importer(815301076,1909f56bfc062723c751e8b465ee728b)
Start importing Assets/Prefabs/Combat/Slime Orange 1.prefab using Guid(930ae024b3fa0da4fb6378cb195c2eee) Importer(815301076,1909f56bfc062723c751e8b465ee728b)  -> (artifact id: '2456b379c579f1b199405c54a64efcbb') in 0.011433 seconds
Number of updated asset objects reloaded before import = 0
Number of asset objects unloaded after import = 14
========================================================================
Received Import Request.
  Time since last request: 7.044457 seconds.
  path: Assets/Prefabs/Combat/Slime Green.prefab
  artifactKey: Guid(930ae024b3fa0da4fb6378cb195c2eee) Importer(815301076,1909f56bfc062723c751e8b465ee728b)
Start importing Assets/Prefabs/Combat/Slime Green.prefab using Guid(930ae024b3fa0da4fb6378cb195c2eee) Importer(815301076,1909f56bfc062723c751e8b465ee728b)  -> (artifact id: 'f5b66a258bc641e293766868cb93b444') in 0.007562 seconds
Number of updated asset objects reloaded before import = 0
Number of asset objects unloaded after import = 14
========================================================================
Received Import Request.
  Time since last request: 16.619487 seconds.
  path: Assets/Prefabs/Combat/Slime Green.prefab
  artifactKey: Guid(930ae024b3fa0da4fb6378cb195c2eee) Importer(815301076,1909f56bfc062723c751e8b465ee728b)
Start importing Assets/Prefabs/Combat/Slime Green.prefab using Guid(930ae024b3fa0da4fb6378cb195c2eee) Importer(815301076,1909f56bfc062723c751e8b465ee728b)  -> (artifact id: '97225000d393a4c7931d2da87852346d') in 0.013791 seconds
Number of updated asset objects reloaded before import = 0
Number of asset objects unloaded after import = 14
========================================================================
Received Import Request.
  Time since last request: 16.809176 seconds.
  path: Assets/Prefabs/Combat/Slime 1.prefab
  artifactKey: Guid(e03031307b6e3884fac4732f54dcfa89) Importer(815301076,1909f56bfc062723c751e8b465ee728b)
Start importing Assets/Prefabs/Combat/Slime 1.prefab using Guid(e03031307b6e3884fac4732f54dcfa89) Importer(815301076,1909f56bfc062723c751e8b465ee728b)  -> (artifact id: '80dc612bf185d8a7d188daaf8c18a93c') in 0.010677 seconds
Number of updated asset objects reloaded before import = 0
Number of asset objects unloaded after import = 14
========================================================================
Received Import Request.
  Time since last request: 3.591859 seconds.
  path: Assets/Prefabs/Combat/Worm.prefab
  artifactKey: Guid(e03031307b6e3884fac4732f54dcfa89) Importer(815301076,1909f56bfc062723c751e8b465ee728b)
Start importing Assets/Prefabs/Combat/Worm.prefab using Guid(e03031307b6e3884fac4732f54dcfa89) Importer(815301076,1909f56bfc062723c751e8b465ee728b)  -> (artifact id: '2d394c999286d0fdde6317c09a5060c1') in 0.007887 seconds
Number of updated asset objects reloaded before import = 0
Number of asset objects unloaded after import = 14
========================================================================
Received Import Request.
  Time since last request: 5.777625 seconds.
  path: Assets/SO Architecture/Examples/Textures/White.png
  artifactKey: Guid(3a202efd49d4b2a4c87c4c4ea231854b) Importer(815301076,1909f56bfc062723c751e8b465ee728b)
Start importing Assets/SO Architecture/Examples/Textures/White.png using Guid(3a202efd49d4b2a4c87c4c4ea231854b) Importer(815301076,1909f56bfc062723c751e8b465ee728b)  -> (artifact id: '41c1c761edbccda5898efa1c33a35a1e') in 0.019108 seconds
Number of updated asset objects reloaded before import = 0
Number of asset objects unloaded after import = 3
========================================================================
Received Import Request.
  Time since last request: 15.187362 seconds.
  path: Assets/ScriptableObjects
  artifactKey: Guid(a2e04dde2e8d3e14483d26f4ae8bd15d) Importer(815301076,1909f56bfc062723c751e8b465ee728b)
Start importing Assets/ScriptableObjects using Guid(a2e04dde2e8d3e14483d26f4ae8bd15d) Importer(815301076,1909f56bfc062723c751e8b465ee728b)  -> (artifact id: 'e29edb8f39c0b9cc0435eef914203657') in 0.000668 seconds
Number of updated asset objects reloaded before import = 0
Number of asset objects unloaded after import = 0
========================================================================
Received Import Request.
  Time since last request: 46.238407 seconds.
  path: Assets/ScriptableObjects/InventorySystem/Enemies/Weapons/WormWeapon.asset
  artifactKey: Guid(9fb6899fb13483a439780690f7effb85) Importer(815301076,1909f56bfc062723c751e8b465ee728b)
Start importing Assets/ScriptableObjects/InventorySystem/Enemies/Weapons/WormWeapon.asset using Guid(9fb6899fb13483a439780690f7effb85) Importer(815301076,1909f56bfc062723c751e8b465ee728b)  -> (artifact id: 'a033aa0e472c66165143c12b5cef8921') in 0.001056 seconds
Number of updated asset objects reloaded before import = 0
Number of asset objects unloaded after import = 1
========================================================================
Received Import Request.
  Time since last request: 52.121623 seconds.
  path: Assets/ScriptableObjects/InventorySystem/Enemies/Weapons/KoboldWeapon.asset
  artifactKey: Guid(adcb67873940fa147997038e7f1e277d) Importer(815301076,1909f56bfc062723c751e8b465ee728b)
Start importing Assets/ScriptableObjects/InventorySystem/Enemies/Weapons/KoboldWeapon.asset using Guid(adcb67873940fa147997038e7f1e277d) Importer(815301076,1909f56bfc062723c751e8b465ee728b)  -> (artifact id: '29c7b3ceee9899eb9bef9825966ac7c6') in 0.002039 seconds
Number of updated asset objects reloaded before import = 0
Number of asset objects unloaded after import = 1
========================================================================
Received Import Request.
  Time since last request: 8.759169 seconds.
  path: Assets/Resources/InventoryItems/Weapons/FirstWeapon.asset
  artifactKey: Guid(248719be7b1c1c14db12f5362dde3960) Importer(815301076,1909f56bfc062723c751e8b465ee728b)
Start importing Assets/Resources/InventoryItems/Weapons/FirstWeapon.asset using Guid(248719be7b1c1c14db12f5362dde3960) Importer(815301076,1909f56bfc062723c751e8b465ee728b)  -> (artifact id: '0c56e8616d30d0d8a72105794db61196') in 0.009906 seconds
Number of updated asset objects reloaded before import = 0
Number of asset objects unloaded after import = 2
========================================================================
Received Import Request.
  Time since last request: 30.887464 seconds.
  path: Assets/ScriptableObjects/CombatSystem/Kobold.asset
  artifactKey: Guid(2ad5b8d76ad8e9b4da896ccfe6cd238a) Importer(815301076,1909f56bfc062723c751e8b465ee728b)
Start importing Assets/ScriptableObjects/CombatSystem/Kobold.asset using Guid(2ad5b8d76ad8e9b4da896ccfe6cd238a) Importer(815301076,1909f56bfc062723c751e8b465ee728b)  -> (artifact id: '7e0abaa452cdc67b7336f39afda274a0') in 0.014190 seconds
Number of updated asset objects reloaded before import = 0
Number of asset objects unloaded after import = 16
========================================================================
Received Import Request.
  Time since last request: 17.521535 seconds.
  path: Assets/ScriptableObjects/CombatSystem/SlimeGreen.asset
  artifactKey: Guid(ea2e251a3281bd74d88aa6144e762e29) Importer(815301076,1909f56bfc062723c751e8b465ee728b)
Start importing Assets/ScriptableObjects/CombatSystem/SlimeGreen.asset using Guid(ea2e251a3281bd74d88aa6144e762e29) Importer(815301076,1909f56bfc062723c751e8b465ee728b)  -> (artifact id: 'b6b65659dc4d014ab32dbe1b4e6c3a3b') in 0.001013 seconds
Number of updated asset objects reloaded before import = 0
Number of asset objects unloaded after import = 1
========================================================================
Received Import Request.
  Time since last request: 18.683487 seconds.
  path: Assets/Prefabs/Characters/Vendor.prefab
  artifactKey: Guid(3264c8882961f49a380635b992bf85e3) Importer(815301076,1909f56bfc062723c751e8b465ee728b)
Start importing Assets/Prefabs/Characters/Vendor.prefab using Guid(3264c8882961f49a380635b992bf85e3) Importer(815301076,1909f56bfc062723c751e8b465ee728b)  -> (artifact id: '081f19dea2a16ca3a8667f1e5ee7eb66') in 0.041257 seconds
Number of updated asset objects reloaded before import = 0
Number of asset objects unloaded after import = 29
========================================================================
Received Import Request.
  Time since last request: 10.402906 seconds.
  path: Assets/ScriptableObjects/CombatSystem/SlimeGreen 1.asset
  artifactKey: Guid(8da12308e41f3094bbe41ba55e7f99d3) Importer(815301076,1909f56bfc062723c751e8b465ee728b)
Start importing Assets/ScriptableObjects/CombatSystem/SlimeGreen 1.asset using Guid(8da12308e41f3094bbe41ba55e7f99d3) Importer(815301076,1909f56bfc062723c751e8b465ee728b)  -> (artifact id: '059676465565e533fa6811c722ee8a28') in 0.002497 seconds
Number of updated asset objects reloaded before import = 0
Number of asset objects unloaded after import = 16
========================================================================
Received Import Request.
  Time since last request: 5.239635 seconds.
  path: Assets/ScriptableObjects/CombatSystem/SlimeGreen.asset
  artifactKey: Guid(ea2e251a3281bd74d88aa6144e762e29) Importer(815301076,1909f56bfc062723c751e8b465ee728b)
Start importing Assets/ScriptableObjects/CombatSystem/SlimeGreen.asset using Guid(ea2e251a3281bd74d88aa6144e762e29) Importer(815301076,1909f56bfc062723c751e8b465ee728b)  -> (artifact id: '74718af7135796eb76688a9c80722165') in 0.002505 seconds
Number of updated asset objects reloaded before import = 0
Number of asset objects unloaded after import = 16
========================================================================
Received Import Request.
  Time since last request: 6.130458 seconds.
  path: Assets/ScriptableObjects/CombatSystem/SlimeOrange.asset
  artifactKey: Guid(8da12308e41f3094bbe41ba55e7f99d3) Importer(815301076,1909f56bfc062723c751e8b465ee728b)
Start importing Assets/ScriptableObjects/CombatSystem/SlimeOrange.asset using Guid(8da12308e41f3094bbe41ba55e7f99d3) Importer(815301076,1909f56bfc062723c751e8b465ee728b)  -> (artifact id: 'e90104e24d30141b4507d28852e807d8') in 0.002620 seconds
Number of updated asset objects reloaded before import = 0
Number of asset objects unloaded after import = 16
========================================================================
Received Import Request.
  Time since last request: 10.388299 seconds.
  path: Assets/Prefabs/Combat/Worm.prefab
  artifactKey: Guid(e03031307b6e3884fac4732f54dcfa89) Importer(815301076,1909f56bfc062723c751e8b465ee728b)
Start importing Assets/Prefabs/Combat/Worm.prefab using Guid(e03031307b6e3884fac4732f54dcfa89) Importer(815301076,1909f56bfc062723c751e8b465ee728b)  -> (artifact id: 'cc8e84f4cdb45040d9cb6b1703627d01') in 0.013586 seconds
Number of updated asset objects reloaded before import = 0
Number of asset objects unloaded after import = 14
========================================================================
Received Import Request.
  Time since last request: 3.574285 seconds.
  path: Assets/ScriptableObjects/InventorySystem/Enemies/SlimeGreenInventory.asset
  artifactKey: Guid(b304877f0f6e18c4a977cec36843b270) Importer(815301076,1909f56bfc062723c751e8b465ee728b)
Start importing Assets/ScriptableObjects/InventorySystem/Enemies/SlimeGreenInventory.asset using Guid(b304877f0f6e18c4a977cec36843b270) Importer(815301076,1909f56bfc062723c751e8b465ee728b)  -> (artifact id: 'e8f1a250e1dceed1a86c0e8548ae7eff') in 0.001419 seconds
Number of updated asset objects reloaded before import = 0
Number of asset objects unloaded after import = 2
========================================================================
Received Import Request.
  Time since last request: 0.000016 seconds.
  path: Assets/ScriptableObjects/InventorySystem/Enemies/WormInventory.asset
  artifactKey: Guid(c973a7688d809a440a638a66de1cb270) Importer(815301076,1909f56bfc062723c751e8b465ee728b)
Start importing Assets/ScriptableObjects/InventorySystem/Enemies/WormInventory.asset using Guid(c973a7688d809a440a638a66de1cb270) Importer(815301076,1909f56bfc062723c751e8b465ee728b)  -> (artifact id: '353d566e5558619f57e3c501f755493d') in 0.001112 seconds
Number of updated asset objects reloaded before import = 0
Number of asset objects unloaded after import = 2
========================================================================
Received Import Request.
  Time since last request: 15.363411 seconds.
  path: Assets/ScriptableObjects/CombatSystem/SlimeOrange 1.asset
  artifactKey: Guid(df6f4f1562d45194a8a72f82455ac4ea) Importer(815301076,1909f56bfc062723c751e8b465ee728b)
Start importing Assets/ScriptableObjects/CombatSystem/SlimeOrange 1.asset using Guid(df6f4f1562d45194a8a72f82455ac4ea) Importer(815301076,1909f56bfc062723c751e8b465ee728b)  -> (artifact id: 'fc3ca39a45bb0e1312a01f06f1a6e3bd') in 0.002672 seconds
Number of updated asset objects reloaded before import = 0
Number of asset objects unloaded after import = 16
========================================================================
Received Import Request.
  Time since last request: 4.627225 seconds.
  path: Assets/ScriptableObjects/CombatSystem/Worm.asset
  artifactKey: Guid(df6f4f1562d45194a8a72f82455ac4ea) Importer(815301076,1909f56bfc062723c751e8b465ee728b)
Start importing Assets/ScriptableObjects/CombatSystem/Worm.asset using Guid(df6f4f1562d45194a8a72f82455ac4ea) Importer(815301076,1909f56bfc062723c751e8b465ee728b)  -> (artifact id: 'bd7713f9d3bf16b68929898d2732162e') in 0.002412 seconds
Number of updated asset objects reloaded before import = 0
Number of asset objects unloaded after import = 16
========================================================================
Received Import Request.
  Time since last request: 14.908629 seconds.
  path: Assets/ScriptableObjects/CombatSystem/Worm.asset
  artifactKey: Guid(df6f4f1562d45194a8a72f82455ac4ea) Importer(815301076,1909f56bfc062723c751e8b465ee728b)
Start importing Assets/ScriptableObjects/CombatSystem/Worm.asset using Guid(df6f4f1562d45194a8a72f82455ac4ea) Importer(815301076,1909f56bfc062723c751e8b465ee728b)  -> (artifact id: '5886768e664ac61d9ee3f4ba6638fd41') in 0.002563 seconds
Number of updated asset objects reloaded before import = 0
Number of asset objects unloaded after import = 16
========================================================================
Received Prepare
Begin MonoManager ReloadAssembly
- Loaded All Assemblies, in  2.389 seconds
Refreshing native plugins compatible for Editor in 19.44 ms, found 6 plugins.
Native extension for WindowsStandalone target not found
Native extension for Android target not found
[Package Manager] Server::EnsureServerProcessIsRunning -- launch failed, reason: Unity was launched with the -noUpm command-line argument
[Package Manager] UpmClient::Send -- Unable to send message (not connected to UPM process).
[Package Manager] Cannot connect to Unity Package Manager local server
Mono: successfully reloaded assembly
- Finished resetting the current domain, in 10.448 seconds
Domain Reload Profiling: 12833ms
	BeginReloadAssembly (199ms)
		ExecutionOrderSort (0ms)
		DisableScriptedObjects (15ms)
		BackupInstance (0ms)
		ReleaseScriptingObjects (0ms)
		CreateAndSetChildDomain (43ms)
	RebuildCommonClasses (113ms)
	RebuildNativeTypeToScriptingClass (11ms)
	initialDomainReloadingComplete (38ms)
	LoadAllAssembliesAndSetupDomain (2023ms)
		LoadAssemblies (2114ms)
		RebuildTransferFunctionScriptingTraits (0ms)
		AnalyzeDomain (18ms)
			TypeCache.Refresh (9ms)
				TypeCache.ScanAssembly (0ms)
			ScanForSourceGeneratedMonoScriptInfo (0ms)
			ResolveRequiredComponents (8ms)
	FinalizeReload (10449ms)
		ReleaseScriptCaches (0ms)
		RebuildScriptCaches (0ms)
		SetupLoadedEditorAssemblies (515ms)
			LogAssemblyErrors (0ms)
			InitializePlatformSupportModulesInManaged (25ms)
			SetLoadedEditorAssemblies (5ms)
			RefreshPlugins (0ms)
			BeforeProcessingInitializeOnLoad (96ms)
			ProcessInitializeOnLoadAttributes (349ms)
			ProcessInitializeOnLoadMethodAttributes (33ms)
			AfterProcessingInitializeOnLoad (7ms)
			EditorAssembliesLoaded (0ms)
		ExecutionOrderSort2 (0ms)
		AwakeInstancesAfterBackupRestoration (12ms)
Refreshing native plugins compatible for Editor in 19.70 ms, found 6 plugins.
Preloading 0 native plugins for Editor in 0.00 ms.
Unloading 5073 Unused Serialized files (Serialized files now loaded: 0)
Unloading 98 unused Assets / (138.8 KB). Loaded Objects now: 5540.
Memory consumption went from 171.0 MB to 170.8 MB.
Total: 4.092100 ms (FindLiveObjects: 0.515200 ms CreateObjectMapping: 0.156700 ms MarkObjects: 3.269300 ms  DeleteObjects: 0.149300 ms)

Prepare: number of updated asset objects reloaded= 0
AssetImportParameters requested are different than current active one (requested -> active):
  custom:container-demuxer-ogg: 62fdf1f143b41e24485cea50d1cbac27 -> 
  custom:video-decoder-ogg-theora: a1e56fd34408186e4bbccfd4996cb3dc -> 
  custom:framework-win-MediaFoundation: 216162199b28c13a410421893ffa2e32 -> 
  custom:CustomObjectIndexerAttribute: 43b350a4d6e6d1791af0b5038c4bea17 -> 
  custom:container-demuxer-webm: 4f35f7cbe854078d1ac9338744f61a02 -> 
  custom:container-muxer-webm: aa71ff27fc2769a1b78a27578f13a17b -> 
  custom:video-decoder-webm-vp8: 9c59270c3fd7afecdb556c50c9e8de78 -> 
  custom:SearchIndexIgnoredProperties: e643bd26f0fe6173181afceb89e7c659 -> 
  custom:AudioImporter_EditorPlatform: d09bf68614088b80899f8185d706f6e7 -> 
  custom:video-encoder-webm-vp8: eb34c28f22e8b96e1ab97ce403110664 -> 
  custom:audio-decoder-ogg-vorbis: bf7c407c2cedff20999df2af8eb42d56 -> 
  custom:audio-encoder-webm-vorbis: bf7c407c2cedff20999df2af8eb42d56 -> 
========================================================================
Received Import Request.
  Time since last request: 121.071751 seconds.
  path: Assets/ScriptableObjects/CombatSystem/SlimeOrange.asset
  artifactKey: Guid(8da12308e41f3094bbe41ba55e7f99d3) Importer(815301076,1909f56bfc062723c751e8b465ee728b)
Start importing Assets/ScriptableObjects/CombatSystem/SlimeOrange.asset using Guid(8da12308e41f3094bbe41ba55e7f99d3) Importer(815301076,1909f56bfc062723c751e8b465ee728b)  -> (artifact id: 'dae09793d9f9125379a90026ac5faba0') in 0.014537 seconds
Number of updated asset objects reloaded before import = 0
Number of asset objects unloaded after import = 16
